Quick Sort Mediana de Tres:
Tempo de CPU usado: 0.001099 segundos
10000
-50
-50
-50
-50
-50
-50
-50
-50
-50
-50
-50
-50
-50
-50
-50
-50
-50
-50
-50
-50
-50
-50
-50
-50
-50
-50
-50
-50
-50
-50
-50
-50
-50
-50
-50
-50
-49
-49
-49
-49
-49
-49
-49
-49
-49
-49
-49
-49
-49
-49
-49
-49
-49
-49
-49
-49
-49
-49
-49
-49
-49
-49
-49
-49
-49
-49
-49
-49
-49
-49
-49
-49
-49
-49
-49
-49
-49
-49
-49
-49
-49
-49
-49
-49
-49
-49
-49
-49
-49
-49
-48
-48
-48
-48
-48
-48
-48
-48
-48
-48
-48
-48
-48
-48
-48
-48
-48
-48
-48
-48
-48
-48
-48
-48
-48
-48
-48
-48
-48
-48
-48
-48
-48
-48
-48
-48
-48
-48
-48
-48
-48
-48
-48
-48
-48
-48
-48
-48
-48
-48
-48
-48
-48
-48
-47
-47
-47
-47
-47
-47
-47
-47
-47
-47
-47
-47
-47
-47
-47
-47
-47
-47
-47
-47
-47
-47
-47
-47
-47
-47
-47
-47
-47
-47
-47
-47
-47
-47
-47
-47
-47
-47
-47
-47
-47
-47
-47
-47
-47
-47
-47
-47
-47
-47
-47
-47
-47
-47
-47
-47
-46
-46
-46
-46
-46
-46
-46
-46
-46
-46
-46
-46
-46
-46
-46
-46
-46
-46
-46
-46
-46
-46
-46
-46
-46
-46
-46
-46
-46
-46
-46
-46
-46
-46
-46
-46
-46
-46
-46
-46
-46
-46
-46
-46
-46
-46
-46
-45
-43
-45
-45
-45
-45
-45
-45
-45
-45
-45
-45
-45
-45
-45
-45
-45
-45
-45
-45
-45
-45
-45
-45
-45
-45
-45
-45
-45
-45
-45
-45
-45
-45
-45
-45
-45
-45
-45
-45
-45
-45
-45
-45
-45
-45
-45
-45
-45
-45
-45
-45
-45
-45
-45
-45
-44
-44
-44
-44
-44
-44
-44
-44
-44
-44
-44
-44
-44
-44
-44
-44
-44
-44
-44
-44
-44
-44
-44
-44
-44
-44
-44
-44
-44
-44
-44
-44
-44
-44
-44
-44
-44
-44
-44
-44
-44
-44
-44
-44
-44
-44
-44
-44
-44
-44
-44
-43
-42
-43
-43
-43
-43
-43
-43
-43
-43
-43
-43
-43
-43
-43
-43
-43
-43
-43
-43
-43
-43
-43
-43
-43
-43
-43
-43
-43
-43
-43
-43
-43
-43
-43
-43
-43
-43
-43
-43
-43
-43
-43
-43
-42
-42
-42
-42
-42
-42
-42
-42
-42
-42
-42
-42
-42
-42
-42
-42
-42
-42
-42
-42
-42
-42
-42
-42
-42
-42
-42
-42
-42
-42
-42
-42
-42
-42
-42
-42
-42
-42
-42
-42
-42
-42
-42
-42
-42
-42
-42
-41
-40
-41
-41
-41
-41
-41
-41
-41
-41
-41
-41
-41
-41
-41
-41
-41
-41
-41
-41
-41
-41
-41
-41
-41
-41
-41
-41
-41
-41
-41
-41
-41
-41
-41
-41
-41
-41
-41
-41
-41
-41
-41
-41
-41
-41
-41
-41
-41
-41
-41
-41
-41
-40
-40
-40
-40
-40
-40
-40
-40
-40
-40
-40
-40
-40
-40
-40
-40
-40
-40
-40
-40
-40
-40
-40
-40
-40
-40
-40
-40
-40
-40
-40
-40
-40
-40
-40
-40
-40
-40
-40
-40
-40
-39
-37
-39
-39
-39
-39
-39
-39
-39
-39
-39
-39
-39
-39
-39
-39
-39
-39
-39
-39
-39
-39
-39
-39
-39
-39
-39
-39
-39
-39
-39
-39
-39
-39
-39
-39
-39
-39
-39
-39
-39
-39
-39
-39
-39
-39
-39
-39
-38
-38
-38
-38
-38
-38
-38
-38
-38
-38
-38
-38
-38
-38
-38
-38
-38
-38
-38
-38
-38
-38
-38
-38
-38
-38
-38
-38
-38
-38
-38
-38
-38
-38
-38
-38
-38
-38
-38
-38
-38
-38
-38
-38
-38
-38
-38
-38
-38
-38
-38
-38
-37
-36
-37
-37
-37
-37
-37
-37
-37
-37
-37
-37
-37
-37
-37
-37
-37
-37
-37
-37
-37
-37
-37
-37
-37
-37
-37
-37
-37
-37
-37
-37
-37
-37
-37
-37
-37
-37
-37
-37
-37
-37
-37
-37
-37
-37
-37
-37
-37
-36
-36
-36
-36
-36
-36
-36
-36
-36
-36
-36
-36
-36
-36
-36
-36
-36
-36
-36
-36
-36
-36
-36
-36
-36
-36
-36
-36
-36
-36
-36
-36
-36
-36
-36
-36
-36
-36
-36
-36
-36
-36
-36
-36
-36
-36
-36
-36
-36
-36
-36
-36
-36
-35
-33
-35
-35
-35
-33
-35
-35
-35
-35
-35
-35
-35
-35
-35
-35
-35
-35
-35
-35
-35
-35
-35
-35
-35
-35
-35
-35
-35
-35
-35
-35
-35
-35
-35
-35
-35
-35
-35
-35
-35
-35
-34
-34
-34
-34
-34
-34
-34
-34
-34
-34
-34
-34
-34
-34
-34
-34
-34
-34
-34
-34
-34
-34
-34
-34
-34
-34
-34
-34
-34
-34
-34
-34
-34
-34
-34
-34
-34
-34
-34
-34
-34
-34
-34
-34
-34
-34
-34
-34
-34
-34
-34
-34
-34
-34
-33
-33
-33
-33
-33
-33
-33
-33
-33
-33
-33
-33
-33
-33
-33
-33
-33
-33
-33
-33
-33
-33
-33
-33
-33
-33
-33
-33
-33
-33
-33
-33
-33
-33
-33
-33
-33
-33
-33
-33
-33
-33
-33
-33
-33
-33
-33
-33
-33
-33
-32
-31
-32
-32
-32
-32
-32
-32
-32
-32
-32
-32
-32
-32
-32
-32
-32
-32
-32
-32
-32
-32
-32
-32
-32
-32
-32
-32
-32
-32
-32
-32
-32
-32
-32
-32
-32
-32
-32
-32
-32
-32
-32
-32
-31
-31
-31
-31
-31
-31
-31
-31
-31
-31
-31
-31
-31
-31
-31
-31
-31
-31
-31
-31
-31
-31
-31
-31
-31
-31
-31
-31
-31
-31
-31
-31
-31
-31
-31
-31
-31
-31
-31
-31
-31
-31
-31
-31
-31
-31
-31
-31
-31
-30
-30
-30
-30
-30
-30
-30
-30
-30
-30
-30
-30
-30
-30
-30
-30
-30
-30
-30
-30
-30
-30
-30
-30
-30
-30
-30
-30
-30
-30
-30
-30
-30
-30
-30
-30
-30
-30
-30
-30
-30
-30
-30
-30
-29
-26
-29
-29
-29
-29
-29
-29
-29
-29
-29
-29
-29
-29
-29
-29
-29
-29
-29
-29
-29
-29
-29
-29
-29
-29
-29
-29
-29
-29
-29
-29
-29
-29
-29
-29
-29
-29
-29
-29
-29
-29
-29
-29
-29
-29
-29
-29
-29
-29
-29
-29
-29
-29
-29
-29
-29
-28
-27
-28
-28
-28
-28
-28
-28
-28
-28
-28
-28
-28
-28
-28
-28
-28
-28
-28
-28
-28
-28
-28
-28
-28
-28
-28
-28
-28
-28
-28
-28
-28
-28
-28
-28
-28
-28
-28
-28
-28
-28
-28
-28
-28
-28
-28
-28
-28
-28
-28
-28
-28
-28
-28
-28
-28
-27
-26
-27
-27
-27
-27
-27
-27
-27
-27
-27
-27
-27
-27
-27
-27
-27
-27
-27
-27
-27
-27
-27
-27
-27
-27
-27
-27
-27
-27
-27
-27
-27
-27
-27
-26
-26
-26
-26
-26
-26
-26
-26
-26
-26
-26
-26
-26
-26
-26
-26
-26
-26
-26
-26
-26
-26
-26
-26
-26
-26
-26
-26
-26
-26
-26
-26
-26
-26
-25
-21
-25
-25
-25
-24
-25
-25
-25
-25
-25
-25
-25
-25
-25
-25
-25
-25
-25
-25
-25
-25
-25
-25
-25
-25
-25
-25
-25
-25
-25
-25
-25
-25
-25
-25
-25
-25
-25
-25
-25
-25
-25
-25
-25
-25
-24
-24
-24
-24
-24
-24
-24
-24
-24
-24
-24
-24
-24
-24
-24
-24
-24
-24
-24
-24
-24
-24
-24
-24
-24
-24
-24
-24
-24
-24
-24
-24
-24
-24
-24
-24
-24
-24
-24
-24
-24
-24
-24
-24
-24
-24
-24
-24
-24
-24
-24
-24
-24
-24
-24
-24
-23
-13
-23
-23
-23
-23
-23
-23
-23
-23
-23
-23
-23
-23
-23
-23
-23
-23
-23
-23
-23
-23
-23
-23
-23
-23
-23
-23
-23
-23
-23
-23
-23
-23
-23
-23
-23
-23
-23
-23
-23
-23
-23
-23
-23
-23
-23
-23
-22
-17
-22
-22
-22
-22
-22
-22
-22
-22
-22
-22
-22
-22
-22
-22
-22
-22
-22
-22
-22
-22
-22
-22
-22
-22
-22
-22
-22
-22
-22
-22
-22
-22
-22
-22
-22
-22
-22
-22
-22
-22
-22
-22
-22
-22
-22
-22
-22
-22
-22
-22
-22
-22
-21
-21
-21
-21
-21
-21
-21
-21
-21
-21
-21
-21
-21
-21
-21
-21
-21
-21
-21
-21
-21
-21
-21
-21
-21
-21
-21
-21
-21
-21
-21
-21
-21
-21
-21
-21
-21
-21
-21
-21
-21
-21
-21
-21
-21
-21
-21
-21
-21
-21
-21
-21
-20
-20
-20
-20
-20
-20
-20
-20
-20
-20
-20
-20
-20
-20
-20
-20
-20
-20
-20
-20
-20
-20
-20
-20
-20
-20
-20
-20
-20
-20
-20
-20
-20
-20
-20
-20
-20
-20
-20
-20
-20
-20
-20
-20
-20
-20
-19
-19
-19
-19
-19
-19
-19
-19
-19
-19
-19
-19
-19
-19
-19
-19
-19
-19
-19
-19
-19
-19
-19
-19
-19
-19
-19
-19
-19
-19
-19
-19
-19
-19
-19
-19
-19
-19
-19
-19
-19
-19
-19
-19
-19
-19
-19
-18
-16
-18
-17
-18
-18
-18
-18
-18
-18
-18
-18
-18
-18
-18
-18
-18
-18
-18
-18
-18
-18
-18
-18
-18
-18
-18
-18
-18
-18
-18
-18
-18
-18
-18
-18
-18
-18
-18
-18
-18
-18
-18
-18
-18
-18
-18
-18
-18
-18
-18
-18
-18
-18
-18
-18
-18
-18
-18
-18
-18
-18
-18
-17
-17
-17
-17
-17
-17
-17
-17
-17
-17
-17
-17
-17
-17
-17
-17
-17
-17
-17
-17
-17
-17
-17
-17
-17
-17
-17
-17
-17
-17
-17
-17
-17
-17
-17
-17
-17
-17
-17
-17
-17
-17
-17
-17
-17
-17
-17
-17
-17
-16
-16
-16
-16
-16
-16
-16
-16
-16
-16
-16
-16
-16
-16
-16
-16
-16
-16
-16
-16
-16
-16
-16
-16
-16
-16
-16
-16
-16
-16
-16
-16
-16
-16
-16
-16
-16
-16
-16
-16
-16
-16
-16
-16
-16
-16
-16
-16
-16
-16
-16
-16
-16
-16
-16
-16
-16
-16
-16
-16
-16
-15
-12
-15
-14
-15
-14
-15
-14
-15
-15
-15
-15
-15
-15
-15
-15
-15
-15
-15
-15
-15
-15
-15
-15
-15
-15
-15
-15
-15
-15
-15
-15
-15
-15
-15
-15
-15
-15
-15
-15
-15
-15
-15
-15
-15
-15
-15
-15
-15
-15
-15
-15
-15
-15
-15
-14
-14
-14
-14
-14
-14
-14
-14
-14
-14
-14
-14
-14
-14
-14
-14
-14
-14
-14
-14
-14
-14
-14
-14
-14
-14
-14
-14
-14
-14
-14
-14
-14
-14
-13
-12
-13
-13
-13
-13
-13
-13
-13
-13
-13
-13
-13
-13
-13
-13
-13
-13
-13
-13
-13
-13
-13
-13
-13
-13
-13
-13
-13
-13
-13
-13
-13
-13
-13
-13
-13
-13
-13
-13
-13
-13
-13
-13
-13
-13
-13
-13
-13
-13
-13
-13
-12
-12
-12
-12
-12
-12
-12
-12
-12
-12
-12
-12
-12
-12
-12
-12
-12
-12
-12
-12
-12
-12
-12
-12
-12
-12
-12
-12
-12
-12
-12
-12
-12
-12
-12
-12
-12
-12
-12
-12
-12
-12
-12
-12
-12
-12
-12
-12
-12
-12
-12
-11
-1
-11
-11
-11
-11
-11
-11
-11
-11
-11
-11
-11
-11
-11
-11
-11
-11
-11
-11
-11
-11
-11
-11
-11
-11
-11
-11
-11
-11
-11
-11
-11
-11
-11
-11
-11
-11
-11
-11
-11
-11
-11
-11
-11
-11
-11
-11
-11
-11
-11
-11
-11
-11
-10
-9
-10
-10
-10
-10
-10
-10
-10
-10
-10
-10
-10
-10
-10
-10
-10
-10
-10
-10
-10
-10
-10
-10
-10
-10
-10
-10
-10
-10
-10
-10
-10
-10
-10
-10
-10
-10
-10
-10
-10
-10
-10
-10
-10
-10
-10
-10
-10
-10
-10
-10
-10
-10
-10
-10
-10
-10
-10
-10
-10
-9
-9
-9
-9
-9
-9
-9
-9
-9
-9
-9
-9
-9
-9
-9
-9
-9
-9
-9
-9
-9
-9
-9
-9
-9
-9
-9
-9
-9
-9
-9
-9
-9
-9
-9
-9
-9
-9
-9
-9
-9
-9
-9
-9
-9
-9
-9
-8
-8
-8
-8
-8
-8
-8
-8
-8
-8
-8
-8
-8
-8
-8
-8
-8
-8
-8
-8
-8
-8
-8
-8
-8
-8
-8
-8
-8
-8
-8
-8
-8
-8
-8
-8
-8
-8
-8
-8
-7
-5
-7
-6
-7
-7
-7
-7
-7
-7
-7
-7
-7
-7
-7
-7
-7
-7
-7
-7
-7
-7
-7
-7
-7
-7
-7
-7
-7
-7
-7
-7
-7
-7
-7
-7
-7
-7
-7
-7
-7
-7
-7
-7
-7
-7
-7
-7
-7
-7
-7
-7
-7
-7
-7
-7
-7
-7
-7
-7
-6
-6
-6
-6
-6
-6
-6
-6
-6
-6
-6
-6
-6
-6
-6
-6
-6
-6
-6
-6
-6
-6
-6
-6
-6
-6
-6
-6
-6
-6
-6
-6
-6
-6
-6
-6
-6
-6
-6
-6
-6
-6
-6
-5
-4
-5
-5
-5
-5
-5
-5
-5
-5
-5
-5
-5
-5
-5
-5
-5
-5
-5
-5
-5
-5
-5
-5
-5
-5
-5
-5
-5
-5
-5
-5
-5
-5
-5
-5
-5
-5
-5
-5
-5
-5
-5
-5
-5
-5
-5
-5
-5
-5
-5
-5
-5
-5
-4
-4
-4
-4
-4
-4
-4
-4
-4
-4
-4
-4
-4
-4
-4
-4
-4
-4
-4
-4
-4
-4
-4
-4
-4
-4
-4
-4
-4
-4
-4
-4
-4
-4
-4
-4
-4
-4
-4
-4
-3
-1
-3
-3
-3
-3
-3
-3
-3
-3
-3
-3
-3
-3
-3
-3
-3
-3
-3
-3
-3
-3
-3
-3
-3
-3
-3
-3
-3
-3
-3
-3
-3
-3
-3
-3
-3
-3
-3
-3
-3
-3
-3
-3
-3
-3
-2
-2
-2
-2
-2
-2
-2
-2
-2
-2
-2
-2
-2
-2
-2
-2
-2
-2
-2
-2
-2
-2
-2
-2
-2
-2
-2
-2
-2
-2
-2
-2
-2
-2
-2
-2
-2
-2
-2
-2
-2
-2
-2
-2
-2
-2
-2
-2
-2
-2
-1
-1
-1
-1
-1
-1
-1
-1
-1
-1
-1
-1
-1
-1
-1
-1
-1
-1
-1
-1
-1
-1
-1
-1
-1
-1
-1
-1
-1
-1
-1
-1
-1
-1
-1
-1
-1
-1
-1
-1
-1
-1
-1
-1
-1
-1
-1
-1
-1
-1
-1
0
8
0
0
0
0
0
0
0
0
0
0
0
0
0
0
0
0
0
0
0
0
0
0
0
0
0
0
0
0
0
0
0
0
0
0
0
0
0
0
0
0
0
0
0
0
0
0
0
0
0
0
0
0
0
0
0
0
0
0
0
0
0
0
0
0
0
1
1
1
1
1
1
1
1
1
1
1
1
1
1
1
1
1
1
1
1
1
1
1
1
1
1
1
1
1
1
1
1
1
1
1
1
1
1
1
1
1
1
1
1
1
1
1
1
1
1
1
1
1
2
3
2
2
2
2
2
2
2
2
2
2
2
2
2
2
2
2
2
2
2
2
2
2
2
2
2
2
2
2
2
2
2
2
2
2
2
2
2
2
2
2
2
2
3
3
3
3
3
3
3
3
3
3
3
3
3
3
3
3
3
3
3
3
3
3
3
3
3
3
3
3
3
3
3
3
3
3
3
3
3
3
4
5
4
6
4
4
4
4
4
4
4
4
4
4
4
4
4
4
4
4
4
4
4
4
4
4
4
4
4
4
4
4
4
4
4
4
4
4
4
4
4
4
4
4
4
4
4
4
4
4
4
4
4
4
4
4
4
5
6
5
5
5
5
5
5
5
5
5
5
5
5
5
5
5
5
5
5
5
5
5
5
5
5
5
5
5
5
5
5
5
5
5
5
5
5
5
5
5
5
5
5
5
5
5
5
5
5
5
5
5
5
5
6
6
6
6
6
6
6
6
6
6
6
6
6
6
6
6
6
6
6
6
6
6
6
6
6
6
6
6
6
6
6
6
6
6
6
6
6
6
6
6
6
6
6
6
6
6
6
6
6
6
6
6
6
6
6
6
7
8
7
7
7
7
7
7
7
7
7
7
7
7
7
7
7
7
7
7
7
7
7
7
7
7
7
7
7
7
7
7
7
7
7
7
7
7
7
7
7
7
7
7
7
7
7
7
7
8
8
8
8
8
8
8
8
8
8
8
8
8
8
8
8
8
8
8
8
8
8
8
8
8
8
8
8
8
8
8
8
8
8
8
8
8
8
8
8
8
8
8
8
9
9
9
10
9
9
9
9
9
9
9
9
9
9
9
9
9
9
9
9
9
9
9
9
9
9
9
9
9
9
9
9
9
10
10
10
10
10
10
10
10
10
10
10
10
10
10
10
10
10
10
10
10
10
10
10
10
10
10
10
10
10
10
10
10
10
10
10
10
10
10
10
10
10
10
11
16
11
13
11
11
11
11
11
11
11
11
11
11
11
11
11
11
11
11
11
11
11
11
11
11
11
11
11
11
11
11
11
11
11
11
11
11
11
11
11
11
11
11
11
11
11
11
11
11
11
11
11
12
12
12
12
12
12
12
12
12
12
12
12
12
12
12
12
12
12
12
12
12
12
12
12
12
12
12
12
12
12
12
12
12
12
12
12
12
12
12
12
12
12
12
12
12
12
12
12
12
13
13
13
13
13
13
13
13
13
13
13
13
13
13
13
13
13
13
13
13
13
13
13
13
13
13
13
13
13
13
13
13
13
13
13
13
13
13
13
13
13
14
14
14
14
14
14
14
14
14
14
14
14
14
14
14
14
14
14
14
14
14
14
14
14
14
14
14
14
14
14
14
14
14
14
14
14
14
14
14
14
14
14
14
14
14
14
14
14
14
14
14
14
14
14
14
14
14
14
15
16
15
15
15
15
15
15
15
15
15
15
15
15
15
15
15
15
15
15
15
15
15
15
15
15
15
15
15
15
15
15
15
15
15
15
15
15
15
15
15
15
15
15
15
15
15
15
15
15
15
15
15
15
15
15
15
15
15
15
15
15
15
15
15
15
15
15
15
15
15
16
16
16
16
16
16
16
16
16
16
16
16
16
16
16
16
16
16
16
16
16
16
16
16
16
16
16
16
16
16
16
16
16
16
16
16
16
16
16
16
16
16
16
16
16
17
18
17
18
17
17
17
17
17
17
17
17
17
17
17
17
17
17
17
17
17
17
17
17
17
17
17
17
17
17
17
17
17
17
17
17
17
17
17
17
17
17
17
17
17
17
17
17
17
17
17
17
18
18
18
18
18
18
18
18
18
18
18
18
18
18
18
18
18
18
18
18
18
18
18
18
18
18
18
18
18
18
18
18
18
18
18
18
18
18
18
18
18
18
18
18
18
18
18
18
18
18
18
18
18
18
18
18
18
18
18
18
18
18
19
21
19
19
19
19
19
19
19
19
19
19
19
19
19
19
19
19
19
19
19
19
19
19
19
19
19
19
19
19
19
19
19
19
19
19
19
19
19
19
19
19
19
19
19
19
19
19
19
19
19
19
19
19
19
19
19
19
19
19
20
20
20
21
20
20
20
20
20
20
20
20
20
20
20
20
20
20
20
20
20
20
20
20
20
20
20
20
20
20
20
20
20
20
20
20
20
20
20
20
20
20
20
20
20
20
20
20
20
20
20
20
21
21
21
21
21
21
21
21
21
21
21
21
21
21
21
21
21
21
21
21
21
21
21
21
21
21
21
21
21
21
21
21
21
21
21
21
21
21
21
21
21
21
21
21
22
22
22
22
22
22
22
22
22
22
22
22
22
22
22
23
22
23
22
22
22
22
22
22
22
22
22
22
22
22
22
22
22
22
22
22
22
22
22
22
22
22
22
22
22
22
22
22
22
22
22
22
22
22
22
22
23
23
23
23
23
23
23
23
23
23
23
23
23
23
23
23
23
23
23
23
23
23
23
23
23
23
23
23
23
23
23
23
23
23
23
23
23
23
23
23
23
23
23
23
24
40
24
24
24
24
24
24
24
24
24
24
24
24
24
24
24
24
24
24
24
24
24
24
24
24
24
24
24
24
24
24
24
24
24
24
24
24
24
24
24
24
24
24
24
24
24
24
24
24
24
24
25
25
25
25
25
25
25
25
25
25
25
25
25
25
25
25
25
25
25
25
25
25
25
25
25
25
25
25
25
25
25
25
25
25
25
25
25
25
25
25
25
25
25
25
25
25
25
25
25
25
25
25
25
25
25
25
25
25
25
26
26
26
26
26
26
26
26
26
26
26
26
26
26
26
26
26
26
26
26
26
26
26
26
26
26
26
26
26
26
26
26
26
26
26
26
26
26
26
26
26
26
26
26
26
26
26
26
27
27
27
27
27
27
27
27
27
27
27
27
27
27
27
27
27
27
27
27
27
27
27
27
27
27
27
27
27
27
27
27
27
27
27
27
27
27
27
27
27
27
27
28
28
28
28
28
28
28
28
28
28
28
28
28
28
28
28
28
28
28
28
28
28
28
28
28
28
28
28
28
28
28
28
28
28
28
28
28
28
28
28
28
28
28
28
28
28
28
28
28
28
28
28
28
28
28
28
28
28
28
28
29
29
29
29
29
29
29
29
29
29
29
29
29
29
29
29
29
29
29
29
29
29
29
29
29
29
29
29
29
29
29
29
29
29
29
29
29
29
29
29
29
29
29
29
29
29
29
29
29
29
30
34
30
30
30
30
30
30
30
30
30
30
30
30
30
30
30
30
30
30
30
30
30
30
30
30
30
30
30
30
30
30
30
30
30
30
30
30
30
30
30
30
30
30
31
31
31
31
31
31
31
31
31
31
31
31
31
31
31
31
31
31
31
31
31
31
31
31
31
31
31
31
31
31
31
31
31
31
31
31
31
31
31
31
31
31
31
31
31
31
31
31
32
33
32
32
32
32
32
32
32
32
32
32
32
32
32
32
32
32
32
32
32
32
32
32
32
32
32
32
32
32
32
32
32
32
32
32
32
32
32
32
32
32
32
32
32
32
32
32
32
32
32
32
32
32
32
33
33
33
33
33
33
33
33
33
33
33
33
33
33
33
33
33
33
33
33
33
33
33
33
33
33
33
33
33
33
33
33
33
33
33
33
33
33
33
34
34
34
34
34
34
34
34
34
34
34
34
34
34
34
34
34
34
34
34
34
34
34
34
34
34
34
34
34
34
34
34
34
34
34
34
34
34
34
34
34
34
34
34
34
34
34
34
34
34
34
34
34
34
34
35
36
35
35
35
35
35
35
35
35
35
35
35
35
35
35
35
35
35
35
35
35
35
35
35
35
35
35
35
35
35
35
35
35
35
35
35
35
35
35
35
35
35
36
36
36
36
36
36
36
36
36
36
36
36
36
36
36
36
36
36
36
36
36
36
36
36
36
36
36
36
36
36
36
36
36
36
36
36
36
36
36
36
36
36
36
36
36
36
37
42
37
37
37
37
37
37
37
37
37
37
37
37
37
37
37
37
37
37
37
37
37
37
37
37
37
37
37
37
37
37
37
37
37
37
37
37
37
37
37
37
37
37
37
37
38
38
38
38
38
38
38
38
38
38
38
38
38
38
38
38
38
38
38
38
38
38
38
38
38
38
38
38
38
38
38
38
38
38
38
38
38
38
39
40
39
39
39
39
39
39
39
39
39
39
39
39
39
39
39
39
39
39
39
39
39
39
39
39
39
39
39
39
39
39
39
39
39
39
39
39
39
39
39
39
39
39
39
39
39
39
39
39
39
40
40
40
40
40
40
40
40
40
40
40
40
40
40
40
40
40
40
40
40
40
40
40
40
40
40
40
40
40
40
40
40
40
40
40
40
40
40
40
40
40
40
40
40
40
40
40
40
40
41
43
41
41
41
41
41
41
41
41
41
41
41
41
41
41
41
41
41
41
41
41
41
41
41
41
41
41
41
41
41
41
41
41
41
41
41
41
41
41
41
41
41
41
41
41
41
41
41
41
41
41
41
42
42
42
42
42
42
42
42
42
42
42
42
42
42
42
42
42
42
42
42
42
42
42
42
42
42
42
42
42
42
42
42
42
42
42
42
42
42
42
42
42
42
42
42
42
42
42
42
42
42
42
42
42
43
44
43
43
43
43
43
43
43
43
43
43
43
43
43
43
43
43
43
43
43
43
43
43
43
43
43
43
43
43
43
43
43
43
43
43
43
43
43
43
43
43
43
43
43
44
44
44
44
44
44
44
44
44
44
44
44
44
44
44
44
44
44
44
44
44
44
44
44
44
44
44
44
44
44
44
44
44
44
44
44
44
44
44
45
48
45
45
45
45
45
45
45
45
45
45
45
45
45
45
45
45
45
45
45
45
45
45
45
45
45
45
45
45
45
45
45
45
45
45
45
45
45
45
45
45
45
45
45
45
45
45
45
45
45
45
45
45
45
46
46
46
46
46
46
46
46
46
46
46
46
46
46
46
46
46
46
46
46
46
46
46
46
46
46
46
46
46
46
46
46
46
46
46
46
46
46
46
46
46
47
48
47
48
47
47
47
47
47
47
47
47
47
47
47
47
47
47
47
47
47
47
47
47
47
47
47
47
47
47
47
47
47
47
47
47
47
47
47
48
48
48
48
48
48
48
48
48
48
48
48
48
48
48
48
48
48
48
48
48
48
48
48
48
48
48
48
48
48
48
48
48
48
48
48
48
48
48
48
48
48
48
48
49
49
49
49
49
49
49
49
49
49
49
49
49
49
49
49
49
49
49
49
49
49
49
49
49
49
49
49
49
49
49
49
49
49
49
49
49
49
49
49
49
49
49
49
49
49
49
49
49
49
49
49
50
50
50
500797066
50
50
50
50
50
50
50
501226365
50
500119025
50
50
50
50
50
500362240
50
500775730
50
500422620
50
50
50
50
50
50
50
50
50
50
50
50
50
50
50
50
50
50
50
50
50
50
50
50
50
50
50
50
50
50
50
50
50
50
50
50
50
50
50
50
50
50
50
500180729
500264732
500472662
501066986
501198543
501346780
501405957
509080180
501538452
501714290
501809633
501841604
502052636
502062877
502096314
502270327
502290390
502295624
502338934
502423321
502808779
502434946
502632998
502639152
503122906
503128793
504531440
503197962
503371217
504045388
503392385
503714866
503981515
504014485
504359547
504038895
504129207
504255248
504283892
504380657
504498735
504653665
504669164
505266117
504759623
505057967
505391856
505448861
505938336
505492859
505511181
505580484
505903020
506212808
506084715
506087209
506369110
506665474
506719496
506703968
506709915
506757827
507045959
507017241
507566494
507585613
507763828
507624659
507943806
508358016
507959524
508758715
508849132
510663915
509003677
509101289
509259369
509290609
509413732
509466668
509479067
509615682
509591783
509667526
509841638
509793016
509963789
510011063
509981499
510231425
510503009
511264509
511288475
511518628
511712378
511734449
511756182
511790299
511888531
521585900
512060836
512406842
512491947
512497346
512725950
513101920
512781390
512861128
512989236
513047882
513140748
513247881
513452322
513264927
513801150
513804221
514280231
514327508
514311408
514386059
514665981
515203175
514762266
515132404
515385581
515407036
515445604
515690345
515704074
519328253
515817545
516132936
516186921
516219794
516294162
516463774
516509747
516560567
516659804
516765071
516779114
516836405
516902243
516983986
516985952
517103881
517446609
517256137
517283981
517623917
517486920
517722697
517740767
517946634
517980805
518029473
518151263
518201435
518206466
518243516
518568285
519457252
518666408
518768871
518874880
519119252
519126313
519303208
519130706
519197065
519520810
519664159
519686876
519722094
519834156
519974869
520067110
521320926
520209657
520255204
520305558
520490840
520912256
521029128
520957194
521057604
521614970
521775546
521842764
521978277
534391162
522099237
522116381
522133585
522279415
522256841
522432427
522506282
522726596
522613310
522634548
522686981
522781403
522787887
522844545
522877718
523075357
523155201
523168284
523185573
523274801
524412029
523337387
523360076
523367785
524497885
523401090
523553827
523695278
523893300
523909143
523996621
526058632
524134369
524232490
524838081
524993787
524913536
525719245
525781929
525820053
526113839
526378199
526181606
526438746
526523596
526752432
526827016
526900323
527199771
527230548
530470866
527358362
527373877
527581839
527787574
527883310
527936947
527973860
528093791
528035558
528102155
528237815
528152061
528302740
528422460
528600016
528490823
528514598
528659034
528684939
528813208
528795341
529215353
529293583
529300363
530199922
529495379
529530311
529626379
529673834
530174154
529818413
530041497
530494329
530530331
531099734
530532536
530569879
530550967
530574075
530879342
530815222
530940533
531135666
531384244
531465203
536624528
531623325
531866551
532045412
532451744
532847555
532652277
532846533
532869543
532911863
532926951
533006536
533029405
533114245
533118829
533130882
533139136
533185171
533360768
533213906
533291125
533301614
533597370
533833949
533638799
533886247
533945934
534043482
534108894
534230556
534560102
534597292
534607818
534624869
534640061
535826438
534994665
535038099
535334993
535335137
535339267
535450516
535466755
535469331
535653168
536124177
536169139
536460930
536341086
536467450
536491627
536599268
536646523
536763079
537955385
537110371
537149310
537625348
537856062
537753012
538035197
538051617
539165881
538096499
538285315
538368837
538606142
538694030
538788252
538968065
538989145
539035578
539061842
539150311
539260077
539331121
540453332
539365908
539423641
539518204
539615547
539820434
540042725
540062792
540107096
540321767
540289518
540576134
540613082
541056510
541375088
541549254
541591038
541610493
541648235
550341792
541693890
541713337
541868153
541989743
542273343
542494176
542342092
542506402
542519264
542526560
542552612
542582187
542690090
542608052
542940479
543001950
543004647
543028796
543938201
543144530
543189272
543202465
543268073
543432151
543295912
543488289
543536600
543993181
543621588
543772602
543808353
543821662
543873668
544085250
544093826
544170656
544776374
544281290
544439296
544463558
545771802
544527208
544842289
545025794
545116926
545331065
545522207
545540648
545884249
545944631
546133943
546251424
546599541
546445230
546879277
546882703
548454070
546898044
547216456
547324704
547283267
547429250
547443731
548003783
547502585
547694574
547771513
547790343
547985087
547938157
548214204
548362221
548413311
548629847
548720691
548871803
548927005
549016767
549023351
549411232
549164365
549307106
549564866
549607580
549663365
550058791
549793848
549821500
549872197
549994726
550020329
550180549
550209454
550458974
551455939
550629316
550696914
550795521
550800172
550861876
550866196
551056942
550935058
551159812
551327791
551446224
555289850
551538413
551595056
551606011
551973709
551680582
552161540
552241942
552272138
552496926
553003052
552639062
552761850
553093174
553139426
553328202
553869417
554132510
553924172
554004013
554451741
554529731
555358981
554562684
554967209
555348889
555038675
555590783
555693496
559547663
555818865
556021700
556544579
556065271
556139740
556509328
556474944
556577498
556633428
556772187
556807354
556910969
556915293
557681590
557019368
557082358
557270453
557454471
558318528
557497693
557531962
557593282
557672485
557681132
558332995
558084298
558117535
558374822
558560936
558383942
558721408
558775703
558755814
558890784
558932704
559274716
559470615
559485552
559682675
559497728
559518692
559535052
559729599
559908038
560437507
559935723
560005204
560018337
560100288
560324341
560390679
560440383
560497008
560471090
560565258
560910377
560606249
561037990
561267005
659834307
561356066
561404741
561634539
561715895
561891304
561918057
562261966
562529704
562546016
562553960
562992730
562613409
563099964
563254708
564374308
563604628
563808472
563869185
564089886
564156146
564372038
564446924
564513309
568172223
564646936
564698820
564926406
565026640
565150207
565244744
565250649
565348449
565385218
565410346
565496665
565523403
565569791
565637164
565880032
565891796
566057340
566069733
566089522
566171621
566176776
566268387
567519497
566763016
566841435
566866587
567593805
567314544
567352499
567731282
567852444
570188963
568248551
568289379
568413840
568525152
568529160
568721840
568884089
568886781
570211038
569013085
569092512
569146408
569243231
569328819
569613427
569372971
569517749
569705772
569808622
569937940
569808809
569949802
569931303
570187129
570275457
570378083
570280620
570382238
570515499
570543125
570572062
570727369
570635783
570745981
570693344
571111660
571121298
571301630
571133852
571183476
571235437
571236044
571268816
571555621
571278468
571289560
571424196
571444941
571612494
571650135
572144589
571653884
571752399
571766245
571810397
572015262
573028883
572347704
572408739
572376912
572535866
572864200
573015147
573207769
573224245
575310178
573227465
573295551
573320541
573471844
573711067
573753742
573973264
575457684
573975617
573976136
574056369
574105335
574241457
574544391
574376630
574440491
574531738
574747843
574750945
574804515
575129110
575246204
575143786
575169312
575217753
575262519
575273091
575419007
575636523
575640672
575763373
575713740
575869563
575965892
579239026
575968253
576084027
576255080
576387339
576414705
576518229
576537381
576773499
576808898
576941229
576998372
586737871
577075661
577148486
577165268
577237804
577433065
577319136
577541293
577545360
577598586
578261856
577601870
577664973
577722754
577693620
577829808
577885030
578016336
578037779
578289542
578470219
578577915
578550732
578714187
578987672
578990778
579099508
579098676
579108778
579217991
579489132
579428170
579441022
579568971
579621272
579830544
579649893
579686354
579800910
579879512
580071208
580079920
580247043
580146874
580282267
580294889
581341617
580333931
580427666
580522269
580514142
580537434
580689495
581009951
581062480
582647269
581065818
581169071
581339838
581359253
581410048
581958509
581992341
582184697
582317317
582863184
582321325
582624210
582591852
582691454
582897950
582899215
584214545
582968010
582974847
583261839
583286642
583299983
583345397
583419601
583686071
583778175
583818116
583965806
583877384
584238665
584295261
584363774
584356554
584394205
584416601
584420698
584544486
584530167
585006032
585088044
590041231
585181827
585354942
585399651
585458837
585569622
586580348
585726058
585765737
586023594
586164288
586164415
586565730
586256587
586476362
586669357
586688454
586715300
586715797
587137722
586879130
586880966
587281971
586944690
587036583
587404217
587468614
587485058
587661596
587932204
587724883
587745487
587750300
587843597
587995228
588277199
588614511
588698282
588712408
588805673
588879430
590491082
589378799
589506342
589630076
589791521
589870747
589884473
590528857
590531018
598944860
590583727
590593517
590644122
590722744
591031783
591247064
591538122
591559815
591595750
591665624
591847640
592252434
592191629
592199351
592824322
592693272
592941987
593034435
593108835
593185590
593435009
593567005
593599175
593844755
593883802
593860196
593908744
594032877
594263298
594033659
594164971
594367994
594386718
594651891
594407078
594475441
594545208
594833497
594910384
595662705
594928412
595084179
595142631
595685964
595819717
595914015
595849126
595875295
595876140
596099206
595894316
596126636
596164965
596255816
596408450
596474732
596641174
596692642
597059205
596715424
597114067
597115548
597222998
597360165
597927287
597448460
597684043
597864901
597801858
597991294
598114758
598463416
598426656
598446701
598735042
598779314
600433102
598827004
598908239
599015651
599177270
599035241
599290373
599367694
599380960
600393513
599664662
599670032
600333217
600599258
600761936
601016856
600909347
601355275
601586108
601493718
601615016
601621791
601629569
601697578
601755335
602117615
602604030
602143420
602174844
602271433
602274247
602759198
602310448
602353790
602437375
602481056
602736541
602819201
602816224
602901405
602976310
602999004
603003307
603195611
603261819
603471618
603363643
603682999
603797203
604086120
603925914
603963431
604244141
604321918
604355296
604659219
605727853
605006990
605159686
605426263
606532031
605444189
605465026
605585268
605599350
605743331
605814722
605911015
606190692
606126366
606226186
606295618
606397001
606542036
606500274
606557054
606684635
606595195
606892164
606894969
607331155
607041288
607090829
607133127
607366392
607136761
607137593
607221383
607230262
607322344
607390083
607490032
607438745
607752784
607900472
607948975
608129981
608339025
608339954
608453895
608405028
608560481
608687996
609261586
608786940
608935622
608953015
608981431
609025493
609118945
609155043
609298075
609461180
609473614
609525293
611698037
609534636
609556189
609872513
609693480
609886713
609977465
610107868
610171469
610332170
610371949
610507132
610521079
610581360
610791159
610948670
611040094
611051452
611361443
611379997
611559099
611764684
611804494
611878496
611973350
612003575
613276092
612017130
612047853
612235247
612377859
612935885
612487412
612968651
612986988
613034647
613149420
613173889
613282566
613335871
613683874
613474007
613524547
613587133
613724914
613829342
613885791
614071981
613967008
613992241
614111937
614116600
614126489
614147055
615311533
614180483
614378130
614419905
614536704
614924197
614996268
615025251
615206639
615218952
615343219
615426578
615429441
615441136
615567532
616871239
615816738
616250517
616282550
616788242
616869813
616906103
616963888
617195469
617140171
617170000
617226796
617292354
617354231
623902447
617394881
617529317
617647879
617709086
617710801
618316992
617862328
617921507
617920813
618052891
618130504
618208487
618166881
618279938
618407489
618845214
618502226
618526312
618828479
619062082
619228029
619647542
619422914
619449013
619447769
619522403
619526808
619555680
619797551
619866688
621859421
619977332
619997066
620123882
620211569
620222670
620246410
620369823
620485193
620512431
620825398
620846246
620941757
620960169
620987606
621244401
621288205
621366608
621577603
621820284
621855970
622332522
622037545
622343461
622735343
623445858
622828184
623045986
623075157
623166160
623191679
623264206
623334301
623361807
623554891
623853399
624026430
623891789
624072656
624077475
624746135
624434304
624564233
624926532
624844778
624912803
624916246
625301372
625116284
625178737
625233696
625327561
625360674
625514101
628797179
625751096
625821065
625911380
626018841
626139977
626228542
626237672
626267675
626287693
626675302
626681634
626924339
627087164
627121898
627210542
627435471
627511279
627573391
627542729
628083367
628191807
628811953
628220423
628543615
628593075
628703860
628728832
628792541
628877531
628929223
631961683
629078069
629602938
629694102
629625488
629766163
629780229
630054369
630111138
630312249
630320458
630340967
630389283
630717482
630394620
630543341
630593240
630678608
630731630
630748701
630833559
630940558
630944023
630980810
630993018
631028341
631196481
632671201
631278570
631425697
631426789
631775521
631594717
631836322
631870776
631871439
631923503
632013542
632229942
632106409
632125053
632358342
632293113
632429182
632481337
632825607
632866768
632978372
633033212
633043212
633249574
633224004
633280830
633427338
633481686
633576401
633806509
634530463
633875931
634045157
634167093
634207483
634436709
634269255
634293291
634512899
634523606
634595465
634662206
634850998
635382724
635038916
635091590
635127696
635169506
635248304
635381527
635463498
635602277
661844572
635753426
635778821
635869373
635876751
636253671
636127285
636542553
636649504
636989401
637352656
637329440
637416346
637567669
638393760
637712084
637713771
637716064
637825989
637953335
637875524
638014753
638051569
638215846
638058375
638119179
638252437
638383957
638674608
638512723
638517128
638756211
638925537
640290766
639131748
639214824
639248836
640925802
639333319
639339813
639378435
639358209
639700821
639727777
639841152
639862614
640141767
640347866
640353150
640525972
640861556
641027447
641036460
644673036
641059880
641123773
641200545
641398450
641445132
641686860
641556092
641724474
641744446
642664594
641872045
642005996
642132341
642330585
642215862
642430127
642690648
642773020
642791772
642799405
643032641
644113061
643036760
643037396
643137233
643191386
643393378
643507616
643689271
643565970
643785556
644047584
644721139
644065624
644078773
644119430
644160868
644326012
644354485
644386328
644360786
644658248
644839023
644939835
647288623
645018643
645089009
645717161
646242399
645772474
646375857
646392509
647018371
646573606
646764057
646936849
647072369
647294904
648106361
647921497
647999866
647953920
648421764
648603326
652373398
648679312
648799130
648951098
648963099
649076364
649307315
649316584
649362271
649378479
649539385
649751788
649665358
649771835
649848265
650298338
650013434
650131961
650390944
650469233
650399922
650500696
650530728
652399709
650718620
650941495
651119580
651176785
651225377
651342408
651397393
651487751
651528502
651758334
652246242
652430304
652510907
652692786
652699592
653099263
652760403
652950417
652762414
653069974
653229460
653255664
653330114
653256650
653385622
653392162
654593752
653429248
653527597
653614422
653861043
654052317
654042473
654147356
654214195
654492819
654536981
654667049
654839865
654676310
654862818
654930768
656938289
655020648
655281842
655286623
655333922
655378005
655379769
656101950
656371928
656314121
656429275
656573725
656635166
656696983
656839517
656960028
657128547
656967616
657013730
657096523
657614832
657138367
657280669
657419717
657421969
657770233
657806346
660620856
657816031
657900484
657929222
658061132
657994880
658111493
658187111
659915463
658324374
658366514
661189570
658448183
658481351
658519396
658952509
659459168
659269102
659470005
659501194
660180502
659816999
660301458
660356732
660721587
660737533
660797125
660791803
661040601
661082543
661167327
661180067
661179821
661240023
661249340
664654727
661429732
661440394
661527434
661548727
662058703
661575813
661752016
661790219
661807723
661900696
661965879
662128413
662170048
662266165
662345404
662357536
662677653
662812413
663429895
663172557
663244009
663280097
663402853
663467031
663718741
665614512
663878710
663904727
663929570
664208620
664247838
664603850
664412784
664424694
664716286
664952317
664744784
664963343
665094422
665139362
665378616
665591295
665747447
665807450
665883085
665884619
665938352
666115853
668355522
666146147
666195677
666264034
666239001
666457853
666460007
666476504
666619706
666769148
666989538
667055943
667175826
667176823
667400671
667238268
667501313
667630187
667868511
667681829
667803963
667695029
667931983
668012647
668331399
668063716
668152216
668156134
668520299
668548501
674796913
668828712
668980355
669309238
669320949
669333220
669416682
669416937
669513982
669528750
669629817
670584205
669634839
669743332
669793813
669967238
670216344
670457229
670526708
670544782
670584517
670612622
674244896
670691173
670723340
670838768
670985566
670916068
671051077
671370847
671615728
671810414
671915824
672127066
672540061
672526691
672840090
672878594
673653063
672909434
673011239
673206650
673452287
673488626
673528090
673928425
673974494
674564645
674089778
674153560
674330871
674479632
674610042
674648950
675218416
674702719
675109507
675154870
675338632
675156687
675511699
675587953
678543209
675694340
675792618
675878475
675941657
675948817
675952013
676025791
676244111
676393131
676647757
676783888
676988954
678749084
677001930
677151392
677264581
677348673
677313855
677370414
677492232
677381741
677591902
677640763
677743828
677823735
677921829
677980243
678227286
678264582
678551768
678464160
678488933
678659296
678836860
678837074
679036824
679042586
679065320
744495296
679163511
679212596
679394681
679497645
679543300
679552111
682987112
679558795
680796930
680362912
680877012
680979825
681029764
681011950
681310697
681345422
681431536
681583634
681773727
681943540
682150063
681973090
682008328
682149274
682195076
682338931
682577982
682648614
683422059
684122756
683764440
684184137
684355765
684761409
684418003
684797121
684786057
684945192
684958053
685035213
685136504
685071907
685145657
685250722
685936029
685599443
685734214
686072920
686143249
686224193
686248721
686305908
686335004
686630423
686379208
686440819
686570237
686518930
686636197
686540025
686773668
686793818
687207082
686870568
687504286
687806541
687772161
687827282
687863848
689650330
687892771
687948683
688152670
688407099
688539745
688553738
688610503
689258249
688758028
688861247
689005670
689015710
689058958
689182162
689218373
689451521
689691258
689849361
693282469
689911433
689964478
690117786
690195247
690230808
690813009
691069998
690842495
690911122
690949660
691142918
691156196
691162319
691325100
691338944
691362644
691440892
691454866
691549561
691589673
691719097
693129872
691864356
691920766
691993160
691996513
692575606
692039214
692099228
692565368
692711887
692785577
693044769
693451762
693066392
693199415
693278785
693467791
693489757
693846377
693693569
693833453
694044157
694098409
695337933
694172333
694188426
694217648
694242152
694516576
694607061
694639640
694971448
695044807
695041042
695285764
695463187
695939958
695780179
695814057
696072462
696055805
696078924
696089099
696145526
696197501
696232680
696279101
696246108
696427696
696431844
697420654
696779488
696790616
696830169
696832653
697186295
697457629
697247701
697314182
697361813
697755703
697766824
697915229
699045497
697983908
698011219
698129722
698224045
698526106
698428491
698645452
698691048
699676565
698804220
699233478
699480711
699387573
699564885
699597230
699624447
699807376
699763178
699965802
700055603
703391092
700113056
700329876
700367995
700466074
700549364
700835627
700857909
700924897
700948145
701013892
700985505
701035405
701059494
701080358
701147692
701553360
701332280
701604005
701686573
705985694
701720944
701860915
701974273
701987998
702010288
703272740
702074355
702087106
702199925
702120036
702232011
702475080
702282586
702593745
702641536
702796622
702759528
702917627
702947397
703155991
703055001
703064267
703293187
703304235
703316971
703478711
703736941
703654938
704037931
703739317
704199959
704410754
704400146
704440233
704505584
704475630
704604863
704608001
705089325
704660411
704692331
704775889
705080007
705184338
705241297
706666125
705495503
705683488
705715451
705705838
705782007
705884679
705916399
705974701
705999324
705999999
706011961
706044150
706289213
706266876
706338557
706735638
706703493
706885421
706901530
732225967
707096676
707100344
707153979
707185311
707218136
707304288
707345826
707400973
707413843
707614782
707459113
707511670
707676400
707686759
707729132
709151905
707824961
707941822
708243470
708337192
708537247
708539296
708972907
708629317
708637284
708696399
708901222
708945305
709243769
709188561
709216724
709549707
709659807
710377398
709678999
710048450
709762915
710157843
710227562
710245369
710292950
710323490
710485127
710470582
710481350
710580950
710925807
710764621
710930285
710944713
711011421
711107016
711200861
711898029
711473377
711502508
711708229
711513283
711559068
711702832
711713458
711814092
711906891
711884337
711960838
712170467
712255523
712264136
712493181
714333867
712677291
712736044
712916674
713048765
713621096
713465829
713722594
713743006
713774753
713877880
713893490
714711300
713975325
713989434
713995549
714130947
714264247
714346244
714372338
714532414
715260648
714822555
714874741
714893799
715119954
715222855
715292571
715331084
715345195
715569420
717042558
715682023
715825480
716053867
715930986
716729173
716900273
716957666
717008204
717028484
717292060
717414407
717443343
717531004
717600440
717808316
717857495
719846609
718046239
718088756
718095257
718268009
718376436
718365556
718408391
718459130
719468379
718514091
718863077
718902220
719326641
719769401
719978534
719987994
719994314
720159270
720052326
720063097
720291337
720348474
721067863
720528158
720585026
720600724
720690107
720924635
721001303
721525273
721557635
721701233
721661866
721841273
721857242
723744749
721891836
721901979
721941068
722183915
722286430
722451816
722396180
722479297
722546201
722790347
722842013
722986004
723020439
723124612
723624558
723175223
723437960
723705018
723713348
723740765
723792957
723945966
723970583
725064736
724020025
724411872
724430790
724478544
724563151
724646744
724784500
724854070
725042051
725339777
725736238
725370102
725467783
725483311
725508411
725553401
725675904
725803378
725830013
729364564
726075883
726383375
726394302
726489251
726491042
726959280
726832245
727055936
727305986
727492060
727439214
727479644
727483046
727489761
727533969
727624911
727635687
727684799
727703560
727826405
728087002
727857002
727975753
728208103
728227734
728507031
728523226
728647866
728591390
728612861
728752582
728965540
732843825
728983425
729047242
729220846
729257734
729337994
729346494
729356417
729383475
729951041
729585513
729770652
729774246
729830793
729964491
730031586
731038852
730113727
730137089
730456596
730475554
730488799
730539102
730588377
731382950
730987874
731250868
731372012
731532116
731579681
731572380
731588352
731604058
731624395
731617482
731844938
731894449
732495078
732046793
732104789
732284947
732367575
732474868
732585511
732623116
732757905
732862495
732941953
733259670
733363207
741981227
733664126
733800494
733929949
734158330
733946141
733948844
733994012
734030544
734039623
734062578
734115988
734652796
734368765
734445136
734671067
734680478
735050104
735302965
735755073
735512164
735770684
735797727
735935487
736092354
736199515
736213070
736247018
736303570
736637877
736557611
736593632
736622090
736762788
736963283
736913238
736951940
737030156
737153515
738326324
737169456
737242854
737468244
737415159
737469353
737580595
737618139
737745145
737763107
738117293
738241378
738283573
738593096
738669423
738807431
738869761
739137045
738989563
739078372
739626828
739716695
739798932
739817540
742630310
739883568
739908286
739981063
740199232
740237995
740258795
740371353
740919791
740476586
740505269
740603623
740812620
740856144
741084234
741111097
741144095
741253689
741253542
741505971
741555032
741823286
744048255
741984958
742187878
742224942
742226305
742231142
742233035
742351970
742661658
742711798
742766558
742774368
743494217
742791290
742854894
742946794
742949170
743125707
743295491
743304470
743652656
743873616
743893766
743998284
743976289
744069028
744504755
744346379
744652517
744857628
749051557
744876640
744916673
745029093
745137822
745471962
745182691
745545203
745589572
746722228
745783771
745869311
745952131
746241278
746036518
746090679
746036527
746167058
746462430
746170873
746582988
746627813
746788831
746747251
746787219
747034519
747022633
747178257
747244493
747568416
747376330
747472135
747515618
747576084
747628032
748590213
747843908
747869590
747972936
748115800
748253622
748193418
748466035
748482975
748682544
748603419
748703238
748766272
748768206
748812000
748902155
748975415
749064786
749254926
749822705
749406778
749646259
749692198
749697012
749903550
749949849
750041660
750358461
750536288
752350322
750587578
750611856
750664177
750710874
750729584
751086703
750748663
750785841
751258881
751141509
751302297
751374543
751416797
751494947
751536938
751802045
751567653
751644108
751669367
751726870
751918532
752832946
751946395
751966809
751978790
752163490
752172824
752259458
752182716
752404855
752418987
752536411
752646391
752761504
752881751
753106378
753155240
753428107
753345639
753670745
753673560
753922852
754176757
754374867
754488993
754549626
754641051
754989463
755085611
754994351
755114765
755291008
755497949
755432591
755646408
755956094
756474903
756145540
756211558
756214508
756235055
756263829
756324332
756345109
756385357
756509581
756524770
756682812
757574028
756709825
757001563
757144629
757203081
757271044
757301013
757309723
757324749
757464627
757594359
757663054
757803642
761635415
758255700
758456102
759967532
758556897
758631089
759276146
758784609
758790604
758894050
759023933
759474645
759810104
759831667
759922723
760061758
760486229
760760010
760495960
760537978
760819862
760877725
761902689
760894565
760960833
760998761
761123860
761144864
761202272
761211015
761339805
761695880
761765523
761889045
761941695
761968519
761980555
762035405
762329702
762919342
762863820
762895617
763146865
763056113
763185979
763347648
763434234
763467144
763784536
763671996
763939104
764039912
763954917
764048127
764239551
764243240
764246462
766150035
764346324
764375320
764550032
764705813
764597012
764668202
764828832
764840348
764918717
764966796
764937850
765014031
765037231
765207847
765180445
765235930
765323503
765313860
765558932
765794282
765962423
766055552
766184433
766272340
766526772
766601131
766734280
768248548
766736537
766859823
766940964
767050330
767137568
767567222
767611550
767634305
767665895
767933908
767842533
767869135
767967568
768053028
768073646
768392739
768154402
768273954
768368497
768323163
768441313
768493733
770569348
768541899
768585710
768789418
768964063
769282728
769496672
769448808
769601702
769885526
770787500
769910245
770072887
770260538
770392241
770578384
770834271
770976116
783999670
771098877
771211596
771300714
771328512
771352568
771518400
771466087
771592679
771629267
771661349
771639085
771710621
771895167
771815167
771897606
771930753
772971890
771934413
772191968
772420405
772777466
773064913
773215289
773287446
773253902
773322387
773377364
773389206
773468245
773734630
773500465
773856918
773922941
773941545
773947004
773979583
774906140
774019938
774033777
774607483
774639390
774640852
774664234
774743267
774892108
774829120
774929049
775108770
775206738
775192725
775239387
775275488
775395344
775547924
775586912
775706239
777928508
775745109
775772456
775931687
775808849
776080014
776302056
776170091
776310978
776486174
776512933
776702602
777871561
776724198
776726762
776751351
777132171
777161122
777205740
777361486
777577017
778068771
778038433
778149322
778296860
778303964
778509152
778623982
778574509
778942027
779215238
778950037
779464813
779534679
781340723
779664855
779688965
779755387
779693546
780128107
780158025
780193656
780339035
780594861
780720505
780886761
781039311
780941115
780975697
780976188
781027199
781100599
781059287
781543314
781734563
781927525
782867030
782069893
782083742
782148995
782629462
782188699
782290878
782372028
782793879
782879039
783266658
782881225
783295270
783320048
792209391
783617115
783639626
783698851
784357668
784064340
784441981
784456437
784607876
784655545
784766291
786590173
784771964
784802432
784958499
785076495
785110242
785221623
785661858
785513585
785851462
785980956
785987982
786568201
786594653
788180553
786669454
786691950
786846330
786887812
787247483
787253825
787740315
787981563
788323505
788352742
788535368
788562628
791746476
788581497
788851530
789130215
789260990
789282892
790084788
789414130
789434558
789486814
789535967
789651133
789777771
789779833
789805323
790192121
789922817
789950312
790076735
790162590
790248780
790313637
790484993
790987092
792277114
791142492
791347927
791737701
791793169
791811352
791835545
791881527
791902006
792167431
791934045
791980504
792053515
792059143
792064611
792185156
792230847
792381233
792394692
964543995
792403552
792557602
792576663
792615487
792665820
792691709
792995636
792854428
793089100
793153225
793659673
793220502
793306833
793741371
793807640
793877780
793881522
794022059
794061802
794092667
794377997
794238170
794244106
794269053
794274707
794411728
794449796
794599049
794474815
794748740
794843790
794867345
794989231
795138913
795321538
795404332
796014450
796411119
796144133
796285124
796461286
796680552
796967960
797001729
797083800
797375383
797435497
798167825
797436800
797515221
797805735
798010924
798119150
798595243
798419132
798620884
798641820
798849587
798665930
798937627
798975264
798994360
798992897
799031588
799035514
799040640
799149723
799249891
799593564
799667696
799682760
800103473
799712633
799731505
799753261
799870751
800023142
800094409
800098993
800242322
800262049
803329971
800532939
800540769
800661508
800730703
800785051
800887344
801525157
800994687
801552543
801796209
801850648
801903256
802052656
802816412
802391565
802900526
802929122
803178615
803376108
803277310
803352628
803709565
803774585
803767032
803786002
803809753
803815981
803830547
803923661
818581132
804279358
804318303
804319923
804376542
804379213
804417568
804508298
804524728
804780206
804780411
804877287
804808662
805029365
805062825
805176018
806935678
805197183
805215996
805405477
805424701
805969664
805604467
805748368
805809670
805857155
805949230
806209458
806268925
806889941
806325511
806453749
806460089
806572621
806737766
806650455
806793129
806810700
806956218
806996043
807144205
807589972
807347671
807703459
807839871
807917783
807872881
807922294
807955486
808065514
809786617
808205690
808224810
808282303
808394174
808928302
809794792
808979939
809078670
809164884
809345757
809866755
810044325
810104009
810125070
810231637
812039193
810378040
810484544
810522121
810652897
811417425
810691082
811167760
811170210
811435534
811900260
812120600
812363751
812230241
812349507
812460980
812542185
812643731
812603511
812659708
812953271
814839374
812996110
813188824
813600369
813243807
813621742
813768639
813980108
814092095
814155664
814295258
814311396
814594459
815193973
814860769
814974369
815143758
815167582
815195898
815534247
815251873
815320831
815490783
815497425
815507709
815585633
815675512
819708310
815709008
815921009
815965125
816232998
816316171
816301302
816406275
816421910
816445141
816446315
816661491
816673984
817137837
817558799
817797495
817730735
817848240
818060816
818230767
818070671
818367231
818659728
818468943
818683238
818710805
819506035
818802724
818842476
818864328
819433090
819523866
819601011
819721596
819732301
819721905
819884303
819942855
820069482
820304227
822584613
820334379
820480769
820567309
820569330
820730861
820943757
821026109
820951384
821027828
821358460
821179866
821389979
821498402
821643241
821803603
821974074
821968284
822450684
822544380
822825433
822627334
822711402
822802808
822826456
823077201
823212680
823207888
823294306
823304545
823907503
823311299
823371183
823462195
823553422
823600299
824752597
823757613
823854933
823897588
824054858
824064141
824170987
824436130
824196404
824492349
824517620
824678148
824937591
825184667
825735681
825232303
825277484
825332056
825718715
825375614
825880210
825910031
826548349
826050329
826308836
826417523
826409787
826435648
826681853
826971286
826719865
826863446
826915869
827284956
827336848
829910307
827489040
827508272
827515780
827562189
827676208
827691023
827842185
827851834
827877465
827943614
827966696
828134342
828284321
828330601
828955297
828584908
828809219
828919618
829024140
829068232
829071819
829931787
829354036
829526188
829792129
829804820
830163202
830254978
830347525
830413304
830672104
838336457
830713080
830731632
830743210
831068060
830874141
831112223
831184485
831185501
831224104
831210204
831473165
831477279
832349103
831490203
831490700
831567904
831611432
831611602
831732411
831665832
831724749
831777045
831826555
831954613
831841602
831881476
831998231
832175405
832310471
832512873
832361239
832516182
832575133
833859039
832659635
833195252
833295328
834233896
833328170
833583755
833652694
833867950
834159588
834232544
834305052
834309243
834553959
834352613
834658879
834699382
834985415
835107948
835540109
835709649
835764340
835856065
837322052
835969127
836147438
836206355
836521674
836589561
836592208
836671616
836639539
836641682
836764406
836930269
836976997
837299953
837342891
837366321
837740754
837589076
837781705
837868084
837879965
838656368
838657875
838924542
838783110
838835324
838837398
840894096
839010366
839149800
839182639
839353071
839544428
839569403
839848346
839845819
839965759
840225437
840322715
840233408
840848121
840981449
841030452
841204088
841407864
846898676
841435355
841444854
841816204
841884070
841931621
841935710
842097012
841985147
842168061
842229256
842239634
843389682
842246795
842271585
842342860
842454271
842564844
842683379
842741268
842758411
842916113
843295043
843113213
843294691
843535417
843559889
843599516
843645196
843752964
843852511
843922604
844036342
844318146
844082590
844406031
844497553
845147318
844585086
844636503
844739652
844739921
844745909
844907587
844961985
845070220
845112027
845459391
845464871
847212481
845616330
845732277
845797411
846033047
846180948
846341238
846381216
846393760
846411298
846449922
846496560
846506116
846897054
846976179
847120753
847525143
847406815
847621963
847623797
848812713
847636501
847734557
847831097
847994812
848049187
848078317
848259712
848617630
848298693
848785710
848872009
849010098
849124580
849230100
851842623
849427268
849567936
849663519
849833416
849899575
849852199
849873261
850651821
850655292
851912116
850876882
850883123
851167405
851075569
851218050
851545367
851569284
851675223
851991762
852136060
945939306
852154364
852268951
852272343
852470422
852524723
852619686
852593976
852784302
853100280
853799581
853122646
853210342
853319628
853581516
853610976
853735708
853727638
853759011
853783348
853892405
853958372
854051312
854053354
854051318
854146168
854198272
854472960
854288091
854336885
854919228
854475931
854483981
854664233
855107928
855160915
855758539
855265639
855292245
855488749
855515913
855585192
856466574
855764970
855792258
856080007
856676118
856796572
856813611
856805661
856908809
857047857
856929246
857103453
857339316
858246016
857403904
857414096
857530945
857534646
857539899
857548077
857604404
857655118
858398477
857787742
857888981
858009491
858065323
858188828
858208137
858326549
858476974
858480949
858717901
858780633
858918348
861508451
858959275
858978303
859090047
859355818
859400606
859518274
859537481
859929731
859557301
859690443
859710795
859815135
859797709
859918273
859926125
860010405
860065421
860194868
860216239
860303734
861210143
860323011
860450990
860817805
860624449
860938700
860994899
861276010
861052175
861234162
861355806
861362732
861465753
861656898
864227017
861770350
861787616
861803309
861898133
861954760
862075070
862293595
862536667
862307008
862402330
862562089
862967963
863066391
863179708
863289445
863416463
863458029
863566501
863557206
863798862
863814575
863975183
864241019
864281223
864293138
864453640
864469380
864607734
864614135
864865736
864843599
864992773
865002280
868160576
865082010
865200510
865154661
865272268
865302306
865392343
865419813
865736285
865455390
865525117
865748293
865783601
866090171
865870609
865878603
866117489
866128215
866138153
866189663
866259687
866437809
866485598
866671046
866742345
867323868
866817607
866985288
867106025
867550146
867588006
868079117
867759546
868206565
868318743
876118494
868350167
868364209
868374764
868556390
868846535
868883096
868954106
869054219
869141711
869348738
869535695
869586774
869634022
869894970
869965854
870351106
870063941
870068580
870154187
871319263
870482372
870871231
871653654
871688947
872117946
871736355
871739563
871766690
871846454
872199993
872203755
872347078
872387035
872422790
872496519
872550641
872594030
872620590
872991369
873036311
873238973
875397212
873292112
873352030
873357261
873421359
873358811
873437361
873520079
873970449
873685197
873880249
873885993
874100243
874137550
875402026
874162849
874334919
874672135
874877497
875000313
875076024
875333679
875146020
875739454
875797465
875820712
875910852
875847949
875913506
875939049
875955306
876036008
876102230
876106908
876298591
876268013
876427232
876600017
972858512
876751581
876762924
876942080
877056512
877085974
877178286
877299190
877477598
877299775
877576096
877615544
878284816
877670763
877757917
878455147
877779257
878127011
878136410
878232062
878658202
878952884
878662310
878954930
879028258
879177934
879197960
879209520
879703107
879367706
879737175
879749389
879755827
880137028
879836178
879885031
880154608
880366812
880845858
880429633
880906933
880831924
880933350
881021318
881254997
881280161
881323135
881429773
881516447
882084033
881570291
882094304
882131717
988474193
882256026
882347527
882536747
882781850
882792568
882818607
882877785
883065892
883079175
883573572
883262762
883369242
883584047
883674302
883782419
883720364
883749338
883907659
884033511
884506444
884120471
884135969
884549906
884389989
884558676
884671535
886012114
884748329
884751823
884855932
885036681
884873273
885022898
885052723
885093468
885427819
885439407
885533490
885644563
885650382
886251136
886326999
886381007
886702706
886512923
886657825
886692140
887177239
887402831
887604639
887660518
887672865
890954039
887714456
887738871
887893722
888013922
888240709
889343318
888282390
888334653
888449985
888592999
889142487
889324656
889327685
889388548
889397271
889617124
889578652
889638180
889689488
890064923
889924997
890203331
890210974
890291492
890399458
890423943
890823231
891276761
891197998
891322039
891719282
897965186
892062946
892235516
892440330
892463989
892499327
892713300
892944319
892902895
893085818
893093809
893166862
893464389
893209884
893304520
893496003
893612688
894006758
893860230
894328172
894448701
896624933
894527422
894992686
894961380
895218858
895654488
895606598
895731670
895812139
896077548
896120894
896163827
896311979
896320437
896387483
896591929
896956053
896985681
897948165
897068489
897203363
897414137
897433067
897454772
897498577
897551634
897567554
897676913
897677600
897780733
897897580
897954091
897911235
898129605
898275271
898376860
900699372
898615692
898668291
898867689
898723323
898760362
899269325
899320555
899417522
899503363
899778109
899511524
899626671
899708237
899796693
899870892
900142284
899907822
900057382
900244354
900316065
901841771
900370471
900429649
900439599
900489101
900768216
900916664
900998929
901003536
901014766
901255372
901377604
902068270
901482606
901740910
901796098
902202103
902245882
910192670
902610154
902759183
902782574
902903198
903082239
903377107
903663467
903498142
903584893
903658431
903914101
903917574
903955968
903976035
904049695
913296799
904376720
904401915
904441581
904447342
904603052
904487648
904759604
904773464
904800641
904798968
904808943
904837731
904984870
904876090
904922952
904992761
905003055
905098814
905094268
905095298
905351009
905474786
905478384
905657746
908230452
905808759
905875060
905998410
906201755
906362980
906401074
906990732
906401537
906605515
906823993
907105584
907292970
907489839
907478495
907530866
907538340
909626753
907605843
907651774
907819513
907883940
908102475
908370113
908511297
908723439
908523880
908650897
908803686
909048580
910129198
909068860
909292929
909873898
910197975
910383850
910401143
913031204
910407068
910481698
910451606
910482280
910648811
910844807
910861595
911135805
911553331
911643780
911804915
912123382
912139429
912163336
912212652
912214165
912236034
912349281
912283047
912304756
912678622
912692642
912865904
912752913
912892082
912994627
913103294
913205195
913210393
913232765
917056192
913431245
913892478
913898766
913935600
913942187
914240630
914075222
914256524
914270013
914315487
914345638
914377585
914414957
914560204
916710067
914714742
914765545
914892566
915008972
915220825
915230198
915373700
915722145
915513065
915534210
915741192
915930568
917091475
916063788
916089866
916159535
916242055
916250366
916475313
916563896
916947558
916649401
916687045
916736466
917126832
917345552
917481861
917562909
917548942
917588829
917669803
917709591
918014051
917905700
917942675
918097323
918325809
918338362
918419860
918791527
918578300
918692723
918755002
918982896
918989047
919314347
919177837
919368709
919453413
919672398
919569007
919662066
919771126
920091439
920347538
920165910
920493112
920702804
920618283
920761696
920789988
920862955
920926742
921078452
921015793
921091016
921124055
921259179
921161826
921285825
921356279
921395240
925476972
921501433
921524220
921513113
921690473
921990809
921873532
921993710
922087339
922762939
922096838
922389892
922390649
922788963
922684206
922849940
923347967
923555925
923754007
923884681
924292675
924351169
924913099
925057996
925830172
925564059
925573482
925733145
925669370
926037048
926161919
947046215
926196918
926664874
926934937
926704739
926763510
926854460
926992001
927008820
927083759
927103259
927133987
927295431
927621715
927630334
927696004
927737344
927898587
928169811
928225972
928329836
928727052
928349142
928367902
928415719
928579084
928724978
928811258
928910444
928937241
930849542
929005355
929081793
929182069
929281338
929399064
929458698
929568326
929688619
930055637
929744422
929771292
929888654
930496595
929954640
930998861
931155539
931177477
933075102
931311453
931318995
931421474
931552211
931727973
931822440
931866019
932129483
932027511
932140124
932253025
932463781
932393536
932538220
932629806
932794694
932886471
932805043
932981501
933204376
933609530
933312086
933565446
933660518
933867873
933806865
934008829
934264602
934305499
934549607
935058602
934750728
934832691
935122121
935276907
938236796
935744031
935826211
935836154
935912078
935951332
936016577
936006123
936038048
936055998
936066298
936141316
936163798
936179032
937926158
936309319
936321363
936394236
936408245
936647533
936892647
936981343
937295688
937310222
937340327
937351011
937392805
937990545
937434995
937467304
937495675
937554007
937873628
938044468
938260460
938244577
938356308
938487085
940299712
938528698
938748140
938757522
938896324
939017514
939032091
939102623
939781215
939306889
939381312
939457313
940053238
939622964
939760294
940220764
940270251
940701397
940400156
940410751
940448699
940502332
940656593
940882612
940730346
940978012
941115386
941433659
941465264
941593720
941626064
943354930
941798115
942021299
942042521
942106542
942345073
942475412
943195799
943169225
943221023
943277261
943289742
943342807
944361965
943511513
943547825
943750174
943814844
943834653
943836437
943986687
944364693
944372489
944456632
944690421
944465325
944880463
944492569
944960300
944980146
944966990
945056138
945129355
945413804
945666074
945939296
946636461
946243987
946345451
946424420
946522057
946509371
946541269
946582258
946780155
946843062
946852764
946901044
946991952
947097798
947464152
947099448
947761554
947877791
947884959
947899377
947930752
947956649
948151961
947957744
948191959
948367348
953826102
948503266
948515360
948613914
948779456
949342717
948804363
949079665
949321774
949356006
949368511
949979035
949861535
949874462
949961686
950040301
950080015
950137910
950203123
950251373
950504020
950379439
950384227
950506190
950539303
950664107
950819634
951106623
950985346
951180773
951228119
951278153
951285471
951486997
951596053
951608541
952004909
951674675
951813286
952035426
952077168
952882797
952142157
952214022
952304524
952305178
952427936
952465161
952490831
952507522
952550648
952888990
952599935
952871069
952902506
953004092
952939127
953331446
953428740
953415112
953443858
953639362
954144112
953990720
954424597
954440192
955670491
954478826
954674009
954723258
955017130
954763213
954765443
955166360
955219606
955614554
955410686
955427006
955643635
955734995
955777316
955836289
955846515
956137407
956066159
956140977
956262100
957145432
956553000
956604106
956949525
957094068
957186616
957377034
957421777
957484704
957508716
960911725
957520504
957786109
957893963
957991491
958055672
958130912
958365500
958270803
958313105
958454014
958481301
958547427
958583369
958693025
958734346
958821870
958787243
958838580
958962120
959003863
959026964
959042923
959092850
960420214
959148672
959325384
959368574
959376529
959576241
959622697
959618548
959817797
959865310
960535071
960050835
960106255
960337487
960380042
960442211
960592775
960469660
960676025
960766072
961539287
960826972
960878151
960904038
960920158
960954418
961592124
961014513
961041404
961128254
961186685
961250748
961256635
961396285
961300768
961583638
961872827
961807777
961889577
961958576
962370620
962010123
962118062
962153211
962388024
962506599
962647401
963380669
962769145
962983552
963282123
963309008
963342413
963573811
963941255
963620986
963800499
963830658
964114145
964375609
964493607
964534834
964756410
964808006
964871771
964947657
964950682
965088898
964960123
965109525
965135570
965201060
965272493
995769696
965272675
965329159
966623660
965340305
965710133
966024833
966073435
966452214
966626305
967012470
967306159
967242787
967356263
967649774
967734954
967725479
967937959
967961262
968076912
968196627
968144571
968391707
968422041
970774056
968627020
968715374
968948108
968958789
969029038
969039406
969093092
969300503
969367226
969631462
970497407
969712089
969718655
969860052
969899205
970140677
970254467
970635438
970357421
970681662
970884864
971375123
971037216
971042198
971069629
971462921
971504203
971608808
972069757
972971875
972527315
972720028
972960501
972985340
973012020
973081373
973214361
973310511
976346432
973442113
973490428
973545190
974062897
974063353
974114229
974074775
974121675
974283817
974358168
974365970
974446548
974519302
974564115
974577353
974763562
974770495
974810198
974822241
974908656
974995318
975165558
975343250
975392984
975408515
975512513
975811365
976126435
976909894
976164627
976303612
976512561
976757309
976599708
976760866
977036246
977064725
977101444
977226170
977397411
982513062
977620237
977697130
977832600
977838269
977852034
977932443
977855432
977971538
978043181
978049587
978348318
978409462
978395741
978450989
978667820
979252532
978670378
978800383
978927199
978957213
979328714
979097693
979205421
979375531
979553502
979653371
979607005
979996393
980043036
980357716
980577536
980537962
980590665
980736573
980765381
980764180
980843727
980985509
981687702
981101197
981265415
981814502
982014126
982068638
982139973
982142876
982180614
983936224
982250093
982286040
982388551
982489671
982519803
982697805
982760971
982774591
982800154
983018730
983060447
983167756
983327535
984790588
983416068
983525973
983620197
983645631
983751738
983959528
983984843
984469435
984533622
984603140
984642989
984698121
984770394
984784065
984948520
985079114
987994020
985180019
985396925
985446866
987360856
985603208
985661113
985609184
985733348
985867006
986129525
986179539
986456592
986263130
986341711
986441145
986445659
986555727
986620924
986653782
986820305
986659022
986827491
986862371
987663037
987018174
987214777
987296662
987828207
988153036
988123596
988336097
988611528
988674175
988620835
988731092
988754089
988824145
988767817
988907802
989075787
989185186
989215329
989226710
994835221
989347920
989556565
989575079
989784294
989945969
990250164
990408194
990269718
990278024
990471594
990532921
991124624
990609087
990617722
990681509
990682367
991086294
990978214
991019896
991053320
991266906
991068764
991284049
991527510
991563041
991579011
991642755
991850516
991880860
992512044
991998893
992238129
992389257
992515143
992409743
992464232
992537954
992592335
992989127
992620130
992768148
992975290
993358060
993373506
993497227
994372583
993649248
993714515
993717177
993717854
993745200
993763161
993777388
993861152
993841012
994058604
994729376
994763285
995020452
994767382
994769508
994777900
994824107
994832650
994945900
995053202
995123416
995130180
995210073
997079972
995256331
995379914
995409060
995434786
995825947
995662558
995804194
995918755
996080686
996386424
996411217
996636868
996728089
996864957
997777110
996961852
996963445
997023429
997054568
997330959
997836530
997414584
997823362
997966025
997985423
998917370
998240367
998320096
998383258
998546653
998724004
998827769
998899456
998906447
999008065
999760438
999097975
999195301
999431993
999569998
999650056
999739876
