Quick Sort Mediana de Tres:
Tempo de CPU usado: 0.000071 segundos
1000
-50
-50
-50
-49
-48
-49
-49
-49
-49
-49
-49
-48
-48
-48
-48
-48
-48
-48
-47
-47
-47
-46
-47
-46
-47
-47
-47
-47
-47
-46
-46
-46
-45
-42
-45
-42
-45
-44
-45
-45
-45
-45
-43
-43
-42
-42
-42
-41
-41
-41
-41
-41
-40
-27
-40
-40
-40
-39
-39
-39
-39
-39
-39
-38
-38
-38
-38
-38
-38
-37
-37
-37
-37
-37
-37
-37
-36
-34
-36
-36
-36
-36
-36
-36
-36
-35
-35
-34
-34
-34
-33
-32
-33
-33
-33
-32
-30
-9
-30
-26
-30
-30
-30
-30
-30
-29
-29
-29
-28
-29
-29
-29
-28
-29
-29
-27
-27
-27
-27
-26
-26
-26
-25
-25
-25
-25
-25
-24
-23
-24
-24
-24
-24
-24
-23
-23
-23
-23
-23
-22
-22
-22
-22
-22
-22
-22
-21
-16
-21
-21
-21
-21
-21
-21
-20
-20
-20
-20
-19
-19
-19
-17
-19
-19
-19
-18
-17
-18
-18
-18
-18
-18
-18
-18
-16
-11
-16
-13
-16
-16
-16
-16
-15
-11
-15
-15
-14
-14
-13
-11
-13
-13
-13
-13
-13
-13
-13
-13
-12
-12
-12
-12
-11
-11
-11
-10
-10
-10
-10
-10
-10
-10
-9
-9
-9
-9
-9
-8
20
-8
-8
-8
-7
-7
-7
-7
-7
-7
-6
-4
-6
-6
-6
-6
-6
-5
-5
-5
-4
-4
-4
-3
-2
-3
-3
-2
-2
-2
-2
-2
-2
-1
4
-1
-1
-1
-1
0
0
0
0
0
0
1
1
1
1
1
2
3
2
2
3
3
3
4
3
3
4
6
4
4
4
5
6
5
5
5
7
14
7
7
7
7
7
7
7
8
14
8
11
8
8
8
8
8
10
11
10
11
10
10
12
13
12
12
12
12
13
13
13
13
13
14
14
14
14
14
14
15
16
15
15
15
15
16
16
17
18
17
17
18
18
18
18
19
19
19
19
19
19
19
19
20
20
20
20
20
20
20
20
20
20
21
23
21
21
22
23
22
22
22
22
22
22
23
23
23
24
25
24
24
24
24
25
28
25
25
25
25
25
25
26
26
26
26
26
27
27
27
27
28
28
28
28
28
29
29
29
29
30
34
30
30
31
32
33
32
32
32
33
33
33
33
34
34
34
34
35
35
35
35
36
6161786
36
36
36
36
36
36
37
38
37
37
39
38
39
39
40
41
40
40
41
41
41
42
48
42
42
42
42
42
42
43
44
43
43
44
44
46
45
45
45
45
46
46
47
48
47
47
47
47
47
48
48
49
49
49
49
49
49
50
5110863
50
50
50
50
50
50
50
50
50
5007086
5029521
5121144
5032511
5033629
5043850
5062723
5083189
5084960
5091155
5127347
5129283
5158636
5165602
5180473
5174284
5176451
5204753
5195315
5202590
5206525
5231717
5464251
5255490
5256141
5258439
5266421
5278384
5286834
5291197
5510066
5297540
5336533
5341489
5359156
5377325
5376696
5380742
5387704
5404308
5407340
5417269
5487902
5437325
5443012
5479154
5492487
5504860
5522791
5510461
5540345
5562027
6062220
5568292
5572323
5575074
5585141
5594889
5587910
5600216
5606727
5606363
5608504
5615831
5628179
5630234
5765192
5630685
5646820
5661461
5667049
5687935
5702293
5712806
5896555
5719619
5748660
5758133
5758345
5763679
5780588
5798854
5789019
5810064
5827369
5832838
5838644
5846699
5847638
5892425
5907137
5948712
5930679
5971710
5982608
5990610
5985130
5990418
5990455
5999810
6021732
6254624
6033844
6039355
6059733
6049658
6059479
6075445
6081503
6090341
6167074
6090560
6093134
6145833
6158449
6160011
6162826
6187308
6188503
6217843
6243024
6244957
6266761
6275655
7342693
6277359
6293352
6363449
6306770
6309335
6324535
6342747
6337712
6355826
6376895
6382058
6382427
6385619
6413930
6389401
6409114
6414298
6422891
6428687
6592482
6438793
6444302
6445885
6449989
6448613
6453260
6470326
6489636
6478709
6489633
6494439
6494471
6506312
6566667
6593003
6594766
7257302
6609996
6643196
6655585
6668320
6672422
6681473
6705794
6709969
6777604
6710555
6718169
6723306
6729640
6733135
6734265
6742383
6752291
6752759
6778511
6793884
6816618
6943785
6825517
6841040
6862817
6864943
6887957
6893565
6909412
6947112
6956374
6999631
6958988
6977503
7017406
6990059
7021573
7032049
7651376
7039201
7048728
7058480
7058781
7077282
7074476
7082189
7083952
7104552
7097223
7098995
7102146
7110411
7118848
7132121
7140637
7163211
7164001
7170699
7177026
7173597
7175592
7179718
7184366
7183554
7189486
7219485
7197681
7240555
7244172
7379357
7247921
7248682
7257116
7262916
7264835
7267094
7271806
7291983
7295041
7440128
7303297
7308757
7313541
7478628
7322925
7328855
7329285
7382762
7388921
7439587
7409337
7486489
7461968
7490378
7505827
7507576
7512943
7532014
7545116
7547358
7547993
7553519
7556840
7695848
7561348
7562685
7563750
7598470
7609995
7610966
7623012
7615585
7625507
7627368
7680784
7655238
7661215
7682542
7715290
7730217
7729771
7752248
7765250
8336965
7766604
7769224
7818657
7801337
7826554
7840962
7846801
7872621
7931399
7919080
7932781
7937797
7963087
7977481
7979443
7985099
8164163
7993212
8013115
7994359
8015050
8029040
8088753
8092796
8105908
8117326
8167187
8135051
8170006
8178019
8495397
8183391
8189207
8207412
8207683
8214075
8214987
8221029
8293024
8223206
8248671
8264532
8268147
8269056
8301816
8315079
8332290
8319459
8330343
8332940
8350433
8572452
8352974
8353057
8361785
8354844
8364520
8377240
8371580
8399500
8414154
8424431
8430649
8448891
8458171
8545007
8461559
8522934
8557774
8563735
8579862
8591178
8594299
8617675
8608539
8621912
8628156
8733423
8629230
8631609
8667240
8675292
8676869
8680695
8685944
8696703
8710175
8711820
8710401
8719087
8720989
8769740
8742016
8744645
8747149
8754022
8771116
8773312
8880367
8789108
8802637
8853655
8872021
8876130
8882996
8898843
9016691
8918340
8925336
8932867
8935656
9029874
9056932
9064641
9075044
9152552
9076835
9093359
9117206
9129704
9130227
9152577
9133084
9137773
9147834
9152967
9163542
9775706
9191469
9197420
9201850
9203764
9206296
9219742
9254396
9272066
9280546
9280928
9286244
9290931
9291878
9302010
9292381
9311335
9320601
9314749
9336176
9380294
9388900
9397089
9399905
9403212
9414007
9417376
9429963
9432231
9432489
9433683
9458252
9435071
9453983
9479974
9499690
9504519
9508812
9513573
9513863
9523937
9588732
9541404
9549472
9551453
9565272
9565472
9574199
9574953
9575926
9607610
9587946
9623840
9633177
9699781
9638493
9666098
9671519
9677915
9706383
9692370
9701038
9731778
9737416
9902537
9777457
9786075
9786570
9791847
9793376
9865984
9803134
9857697
9858233
9859908
9931872
9864828
9867521
9877414
9953435
9913527
9954615
9979027
9979633
9987680
