Quick Sort Mediana de Tres:
Tempo de CPU usado: 0.000071 segundos
-45
-50
-50
-50
-49
-48
-49
-49
-49
-49
-49
-49
-48
-48
-48
-48
-48
-48
-48
-47
-41
-47
-47
-47
-47
-47
-47
-47
-47
-46
-40
-46
-46
-46
-46
-45
-45
-45
-40
-45
-43
-45
-45
-44
-43
-42
-41
-42
-41
-42
-42
-42
-41
-41
-40
-40
-39
-29
-39
-39
-39
-39
-39
-38
-37
-38
-38
-38
-38
-38
-37
-37
-37
-37
-37
-37
-36
-36
-36
-35
-36
-35
-36
-36
-36
-36
-34
-30
-34
-34
-34
-33
-33
-33
-33
-32
-32
-30
-30
-30
-30
-30
-30
-29
-29
-29
-29
-29
-29
-29
-28
-28
-10
-27
-27
-27
-27
-27
-26
-26
-26
-26
-25
-25
-25
-25
-25
-24
-22
-24
-23
-24
-24
-24
-24
-23
-22
-23
-23
-23
-23
-22
-22
-22
-22
-22
-21
-19
-21
-21
-21
-21
-21
-21
-20
-19
-20
-19
-20
-20
-19
-19
-19
-18
-18
-18
-18
-18
-17
-18
-18
-18
-17
-16
-14
-16
-16
-16
-16
-16
-16
-15
-15
-15
-14
-13
-4
-13
-13
-13
-13
-13
-12
-13
-12
-13
-13
-13
-12
-12
-11
-11
-11
-10
-11
-11
-11
-10
-10
-10
-10
-10
-9
-2
-9
-9
-9
-9
-9
-8
-8
-8
-8
-7
-6
-7
-7
-7
-7
-7
-6
-6
-6
-6
-6
-5
-5
-5
-4
-3
-4
-4
-3
-3
-2
-2
-2
-2
-2
-2
-1
0
-1
-1
-1
-1
0
2
0
0
0
0
1
1
1
2
1
1
2
3
48
3
3
3
3
3
4
6
4
4
4
4
4
5
5
5
5
6
7
8
7
7
7
7
7
7
7
8
8
8
10
8
10
8
8
10
10
11
11
11
12
13
12
13
12
12
12
13
13
13
13
14
14
14
14
14
14
14
14
15
17
15
15
15
15
16
16
16
17
17
18
18
18
18
18
19
19
19
19
19
19
19
19
20
20
20
20
20
20
20
20
20
20
20
21
22
21
21
22
23
22
23
22
23
22
22
22
23
23
24
27
24
24
24
24
25
26
25
26
25
25
25
25
25
25
26
27
26
26
27
27
28
33
28
28
28
28
28
29
29
29
29
30
30
30
31
32
32
32
32
33
33
33
33
34
49
34
34
34
34
35
35
35
35
36
39
36
36
36
36
36
36
37
37
37
38
38
40
39
39
40
40
41
43
41
41
41
42
42
42
42
42
42
42
43
43
44
45
44
44
45
45
45
46
47
46
46
47
47
47
47
47
48
50
48
48
49
49
49
49
49
50
50
50
50
50
50
50
50
50
1000
500453505
848635526
501889376
502080725
502152288
504014279
505324128
505437466
505833923
507095282
510152753
510598577
511154200
537449049
511292905
511550282
512965778
513104214
516540130
517050988
521855309
524367529
525875749
526069806
526705238
527988811
535969763
533458668
534582106
536370710
538072933
536804743
538413857
538830548
539413223
540203456
588121324
540335000
541396497
540363873
544027863
544946799
545619642
547914241
548534091
549957685
552951625
554188775
557379546
554248893
558056793
560717615
567806699
563389169
563399100
563987890
565390881
566166063
566518725
567178130
567822941
573333352
574240718
574354364
574692787
583633332
575987729
576064217
579677251
580295990
581641941
582774543
583797493
584770277
585613585
586772915
588451747
588475335
595336523
588679646
590183342
590491528
591065068
591436000
593008651
592082814
592435331
592799346
594637403
595644132
596403991
595646167
601918876
605957447
610920654
606772493
607614299
609438039
609475521
610291623
609962834
610992989
611512560
612146639
612176613
613824757
616833141
617826620
620829287
621188182
624615188
629380677
625375277
627363778
627976431
634335741
630051174
632766507
632946081
633260149
634537384
634691368
635606295
637000824
785054928
638496100
639110214
639237931
639799462
642047052
643627059
643915667
644455434
644826636
645094035
645395635
646686930
679285585
647760491
648066628
648667250
649046773
649074255
667039682
652496808
652890967
656133631
656168233
664080033
657565972
658632211
659135305
659384225
660372981
660484876
660828376
663030969
663637818
663425269
663926334
667101854
671682731
667397440
668032478
669688079
670317804
673778586
674733912
687609584
676143887
680394102
680899456
681821614
682195272
686821151
691046361
688019042
690558810
690684369
691565613
691638984
692839401
692963235
697680252
697939003
731531219
699508927
700643299
702506478
702700022
703393279
705274369
705291732
706145900
705759206
708930100
711316281
717568051
712445427
713308221
713266590
713565805
714427719
715329343
715781156
718505909
719163643
719561593
720729069
721322957
723705455
730946517
725467819
726880473
728636931
729111209
732270759
732423009
739817547
734703417
735218690
735900438
735319620
735564499
737465699
737556535
738939087
741351469
739657307
741263421
743368780
748072348
747809396
749525981
750773815
774319675
751221567
751703550
757068224
760137085
760802823
760917492
761975030
763501226
764301085
764517397
774680239
764817507
765764970
765789888
768634888
768918432
769202957
770063511
772281382
773412264
773954985
774619630
773979429
774712393
775925472
782496480
776143983
776518476
777515268
780889663
781413754
783517662
783662810
783679352
791166264
783844585
786718349
788563988
788868713
790649915
789531984
792177437
792190253
795925799
792748776
792797050
792859302
794887048
796523381
796863586
798630297
798977275
799386562
800311696
800866448
802833816
806308812
805645213
805757296
806340495
806678219
806776114
807400626
811034123
810892619
811423016
813762407
831197087
814465738
817095410
818657760
821136957
819211529
822487125
822569428
823138658
825143810
824803639
825055149
825400233
828182065
827312116
828803866
832878062
833732289
834753818
834149823
836900771
837395720
848343100
837832483
838054386
841118166
840232548
841199157
841435123
841972233
843120022
843788186
846436584
847041504
854608448
847054211
847714236
848292555
850612672
850795597
854183058
852640190
853682478
857152004
858510981
863602759
859080966
860883726
861804785
864292778
865950786
990089534
866186668
866904499
868803130
866965845
867773985
868568930
868631245
869854795
870223595
876028558
870681228
871355444
871813691
875377472
875543213
876494667
876498261
877362217
883768455
880115356
881309373
880815418
882321381
882706343
883023570
885018725
885455947
888864079
886331056
887236578
887775475
887958249
890960521
891046324
908594015
891469770
891860008
892524376
892679169
893972404
895361467
894646526
895526593
895624207
896514009
901184968
897201208
899770516
899833359
900381330
900604959
901994693
902425985
906813993
903044421
906636587
907275749
909736822
911258075
912889908
912048313
916481501
916724024
916653412
917549154
917565598
957034268
918145813
918621576
919977267
920087361
941066375
920416799
924713593
925300953
925774641
925459491
926803514
928582635
932438190
930952468
931567052
933549617
933761491
937551643
933927327
934143140
935166954
937724736
940787038
956877589
945030757
945292141
945966635
946867148
947200203
948068965
948120331
948465643
948980315
956861249
951357319
952008185
953905567
954336710
959072534
955798637
959399204
959710289
974062153
961233903
962375293
962377552
962835871
963131141
964686283
965765608
969194079
971063467
987024470
971871896
973339180
975681205
979444695
984841829
979833102
981360804
982061312
985023101
985340861
986909437
988174595
987953791
988597718
988734948
988811125
989980537
992689971
992746758
993575999
994155066
994782116
995697496
996233975
999347864
