Quick Sort Mediana de Tres:
Tempo de CPU usado: 0.000946 segundos
10000
-50
-50
-50
-50
-50
-50
-50
-50
-50
-50
-50
-50
-50
-50
-50
-50
-50
-50
-50
-50
-50
-50
-50
-50
-50
-50
-50
-50
-50
-50
-50
-50
-50
-50
-50
-50
-49
-49
-49
-49
-49
-49
-49
-49
-49
-49
-49
-49
-49
-49
-49
-49
-49
-49
-49
-49
-49
-49
-49
-49
-49
-49
-49
-49
-49
-49
-49
-49
-49
-49
-49
-49
-49
-49
-49
-49
-49
-49
-49
-49
-49
-49
-49
-49
-49
-49
-49
-49
-49
-49
-48
-48
-48
-48
-48
-48
-48
-48
-48
-48
-48
-48
-48
-48
-48
-48
-48
-48
-48
-48
-48
-48
-48
-48
-48
-48
-48
-48
-48
-48
-48
-48
-48
-48
-48
-48
-48
-48
-48
-48
-48
-48
-48
-48
-48
-48
-48
-48
-48
-48
-48
-48
-48
-48
-47
-47
-47
-47
-47
-47
-47
-47
-47
-47
-47
-47
-47
-47
-47
-47
-47
-47
-47
-47
-47
-47
-47
-47
-47
-47
-47
-47
-47
-47
-47
-47
-47
-47
-47
-47
-47
-47
-47
-47
-47
-47
-47
-47
-47
-47
-47
-47
-47
-47
-47
-47
-47
-47
-47
-47
-46
-46
-46
-46
-46
-46
-46
-46
-46
-46
-46
-46
-46
-46
-46
-46
-46
-46
-46
-46
-46
-46
-46
-46
-46
-46
-46
-46
-46
-46
-46
-46
-46
-46
-46
-46
-46
-46
-46
-46
-46
-46
-46
-46
-46
-46
-46
-45
-45
-45
-45
-45
-45
-45
-45
-45
-45
-45
-45
-45
-45
-45
-45
-45
-45
-45
-45
-45
-45
-45
-45
-45
-45
-45
-45
-45
-45
-45
-45
-45
-45
-45
-45
-45
-45
-45
-45
-45
-45
-45
-45
-45
-45
-45
-45
-45
-45
-45
-45
-45
-45
-45
-44
-42
-44
-44
-44
-43
-44
-44
-44
-43
-44
-44
-44
-44
-44
-44
-44
-44
-44
-44
-44
-44
-44
-44
-44
-44
-44
-44
-44
-44
-44
-44
-44
-44
-44
-44
-44
-44
-44
-44
-44
-44
-44
-44
-44
-44
-44
-44
-44
-44
-44
-44
-44
-44
-43
-43
-43
-43
-43
-43
-43
-43
-43
-43
-43
-43
-43
-43
-43
-43
-43
-43
-43
-43
-43
-43
-43
-43
-43
-43
-43
-43
-43
-43
-43
-43
-43
-43
-43
-43
-43
-43
-43
-43
-43
-43
-42
-42
-42
-42
-42
-42
-42
-42
-42
-42
-42
-42
-42
-42
-42
-42
-42
-42
-42
-42
-42
-42
-42
-42
-42
-42
-42
-42
-42
-42
-42
-42
-42
-42
-42
-42
-42
-42
-42
-42
-42
-42
-42
-42
-42
-42
-42
-41
-40
-41
-41
-41
-41
-41
-41
-41
-41
-41
-41
-41
-41
-41
-41
-41
-41
-41
-41
-41
-41
-41
-41
-41
-41
-41
-41
-41
-41
-41
-41
-41
-41
-41
-41
-41
-41
-41
-41
-41
-41
-41
-41
-41
-41
-41
-41
-41
-41
-41
-41
-41
-40
-40
-40
-40
-40
-40
-40
-40
-40
-40
-40
-40
-40
-40
-40
-40
-40
-40
-40
-40
-40
-40
-40
-40
-40
-40
-40
-40
-40
-40
-40
-40
-40
-40
-40
-40
-40
-40
-40
-40
-40
-39
-37
-39
-39
-39
-39
-39
-39
-39
-39
-39
-39
-39
-39
-39
-39
-39
-39
-39
-39
-39
-39
-39
-39
-39
-39
-39
-39
-39
-39
-39
-39
-39
-39
-39
-39
-39
-39
-39
-39
-39
-39
-39
-39
-39
-39
-39
-39
-38
-38
-38
-38
-38
-38
-38
-38
-38
-38
-38
-38
-38
-38
-38
-38
-38
-38
-38
-38
-38
-38
-38
-38
-38
-38
-38
-38
-38
-38
-38
-38
-38
-38
-38
-38
-38
-38
-38
-38
-38
-38
-38
-38
-38
-38
-38
-38
-38
-38
-38
-38
-37
-37
-37
-37
-37
-37
-37
-37
-37
-37
-37
-37
-37
-37
-37
-37
-37
-37
-37
-37
-37
-37
-37
-37
-37
-37
-37
-37
-37
-37
-37
-37
-37
-37
-37
-37
-37
-37
-37
-37
-37
-37
-37
-37
-37
-37
-37
-37
-36
-36
-36
-36
-36
-36
-36
-36
-36
-36
-36
-36
-36
-36
-36
-36
-36
-36
-36
-36
-36
-36
-36
-36
-36
-36
-36
-36
-36
-36
-36
-36
-36
-36
-36
-36
-36
-36
-36
-36
-36
-36
-36
-36
-36
-36
-36
-36
-36
-36
-36
-36
-36
-36
-35
-34
-35
-35
-35
-35
-35
-35
-35
-35
-35
-35
-35
-35
-35
-35
-35
-35
-35
-35
-35
-35
-35
-35
-35
-35
-35
-35
-35
-35
-35
-35
-35
-35
-35
-35
-35
-35
-35
-35
-35
-34
-34
-34
-34
-34
-34
-34
-34
-34
-34
-34
-34
-34
-34
-34
-34
-34
-34
-34
-34
-34
-34
-34
-34
-34
-34
-34
-34
-34
-34
-34
-34
-34
-34
-34
-34
-34
-34
-34
-34
-34
-34
-34
-34
-34
-34
-34
-34
-34
-34
-34
-34
-34
-33
-31
-33
-33
-33
-33
-33
-33
-33
-33
-33
-33
-33
-33
-33
-33
-33
-33
-33
-33
-33
-33
-33
-33
-33
-33
-33
-33
-33
-33
-33
-33
-33
-33
-33
-33
-33
-33
-33
-33
-33
-33
-33
-33
-33
-33
-33
-33
-33
-33
-33
-33
-33
-32
-32
-32
-32
-32
-32
-32
-32
-32
-32
-32
-32
-32
-32
-32
-32
-32
-32
-32
-32
-32
-32
-32
-32
-32
-32
-32
-32
-32
-32
-32
-32
-32
-32
-32
-32
-32
-32
-32
-32
-32
-32
-32
-31
-31
-31
-30
-31
-31
-31
-31
-31
-31
-31
-31
-31
-31
-31
-31
-31
-31
-31
-31
-31
-31
-31
-31
-31
-31
-31
-31
-31
-31
-31
-31
-31
-31
-31
-31
-31
-31
-31
-31
-31
-31
-31
-31
-31
-31
-31
-31
-31
-31
-30
-30
-30
-30
-30
-30
-30
-30
-30
-30
-30
-30
-30
-30
-30
-30
-30
-30
-30
-30
-30
-30
-30
-30
-30
-30
-30
-30
-30
-30
-30
-30
-30
-30
-30
-30
-30
-30
-30
-30
-30
-30
-30
-29
-29
-29
-29
-29
-29
-29
-29
-29
-29
-29
-29
-29
-29
-29
-29
-29
-29
-29
-29
-29
-29
-29
-29
-29
-29
-29
-29
-29
-29
-29
-29
-29
-29
-29
-29
-29
-29
-29
-29
-29
-29
-29
-29
-29
-29
-29
-29
-29
-29
-29
-29
-29
-29
-29
-29
-28
-24
-28
-28
-28
-28
-28
-28
-28
-28
-28
-28
-28
-28
-28
-28
-28
-28
-28
-28
-28
-28
-28
-28
-28
-28
-28
-28
-28
-28
-28
-28
-28
-28
-28
-28
-28
-28
-28
-28
-28
-28
-28
-28
-28
-28
-28
-28
-28
-28
-28
-28
-28
-28
-28
-28
-28
-27
-27
-27
-26
-27
-27
-27
-27
-27
-27
-27
-27
-27
-27
-27
-27
-27
-27
-27
-27
-27
-27
-27
-27
-27
-27
-27
-27
-27
-27
-27
-27
-27
-27
-27
-27
-26
-26
-26
-26
-26
-26
-26
-26
-26
-26
-26
-26
-26
-26
-26
-26
-26
-26
-26
-26
-26
-26
-26
-26
-26
-26
-26
-26
-26
-26
-26
-26
-26
-26
-26
-25
-25
-25
-25
-25
-25
-25
-25
-25
-25
-25
-25
-25
-25
-25
-25
-25
-25
-25
-25
-25
-25
-25
-25
-25
-25
-25
-25
-25
-25
-25
-25
-25
-25
-25
-25
-25
-25
-25
-25
-25
-25
-25
-25
-24
-24
-24
-24
-24
-24
-24
-24
-24
-24
-24
-24
-24
-24
-24
-24
-24
-24
-24
-24
-24
-24
-24
-24
-24
-24
-24
-24
-24
-24
-24
-24
-24
-24
-24
-24
-24
-24
-24
-24
-24
-24
-24
-24
-24
-24
-24
-24
-24
-24
-24
-24
-24
-24
-24
-24
-23
-21
-23
-23
-23
-23
-23
-23
-23
-23
-23
-23
-23
-23
-23
-23
-23
-23
-23
-23
-23
-23
-23
-23
-23
-23
-23
-23
-23
-23
-23
-23
-23
-23
-23
-23
-23
-23
-23
-23
-23
-23
-23
-23
-23
-23
-23
-23
-22
-22
-22
-21
-22
-22
-22
-21
-22
-21
-22
-21
-22
-22
-22
-22
-22
-22
-22
-22
-22
-22
-22
-22
-22
-22
-22
-22
-22
-22
-22
-22
-22
-22
-22
-22
-22
-22
-22
-22
-22
-22
-22
-22
-22
-22
-22
-22
-22
-22
-22
-22
-22
-22
-22
-22
-22
-21
-21
-21
-21
-21
-21
-21
-21
-21
-21
-21
-21
-21
-21
-21
-21
-21
-21
-21
-21
-21
-21
-21
-21
-21
-21
-21
-21
-21
-21
-21
-21
-21
-21
-21
-21
-21
-21
-21
-21
-21
-21
-21
-21
-21
-21
-21
-21
-20
-16
-20
-20
-20
-20
-20
-20
-20
-20
-20
-20
-20
-20
-20
-20
-20
-20
-20
-20
-20
-20
-20
-20
-20
-20
-20
-20
-20
-20
-20
-20
-20
-20
-20
-20
-20
-20
-20
-20
-20
-20
-20
-20
-20
-20
-20
-19
-19
-19
-18
-19
-18
-19
-19
-19
-19
-19
-19
-19
-19
-19
-19
-19
-19
-19
-19
-19
-19
-19
-19
-19
-19
-19
-19
-19
-19
-19
-19
-19
-19
-19
-19
-19
-19
-19
-19
-19
-19
-19
-19
-19
-19
-19
-19
-19
-18
-18
-18
-18
-18
-18
-18
-18
-18
-18
-18
-18
-18
-18
-18
-18
-18
-18
-18
-18
-18
-18
-18
-18
-18
-18
-18
-18
-18
-18
-18
-18
-18
-18
-18
-18
-18
-18
-18
-18
-18
-18
-18
-18
-18
-18
-18
-18
-18
-18
-18
-18
-18
-18
-18
-18
-18
-18
-18
-17
-17
-17
-17
-17
-17
-17
-17
-17
-17
-17
-17
-17
-17
-17
-17
-17
-17
-17
-17
-17
-17
-17
-17
-17
-17
-17
-17
-17
-17
-17
-17
-17
-17
-17
-17
-17
-17
-17
-17
-17
-17
-17
-17
-17
-17
-17
-17
-17
-17
-17
-16
-16
-16
-16
-16
-16
-16
-16
-16
-16
-16
-16
-16
-16
-16
-16
-16
-16
-16
-16
-16
-16
-16
-16
-16
-16
-16
-16
-16
-16
-16
-16
-16
-16
-16
-16
-16
-16
-16
-16
-16
-16
-16
-16
-16
-16
-16
-16
-16
-16
-16
-16
-16
-16
-16
-16
-16
-16
-16
-16
-16
-15
-12
-15
-15
-15
-15
-15
-15
-15
-15
-15
-15
-15
-15
-15
-15
-15
-15
-15
-15
-15
-15
-15
-15
-15
-15
-15
-15
-15
-15
-15
-15
-15
-15
-15
-15
-15
-15
-15
-15
-15
-15
-15
-15
-15
-15
-15
-15
-15
-15
-15
-15
-14
-14
-14
-14
-14
-14
-14
-14
-14
-14
-14
-14
-14
-14
-14
-14
-14
-14
-14
-14
-14
-14
-14
-14
-14
-14
-14
-14
-14
-14
-14
-14
-14
-14
-14
-14
-14
-13
-11
-13
-13
-13
-13
-13
-13
-13
-13
-13
-13
-13
-13
-13
-13
-13
-13
-13
-13
-13
-13
-13
-13
-13
-13
-13
-13
-13
-13
-13
-13
-13
-13
-13
-13
-13
-13
-13
-13
-13
-13
-13
-13
-13
-13
-13
-13
-13
-13
-13
-13
-13
-12
-11
-12
-11
-12
-12
-12
-11
-12
-12
-12
-12
-12
-12
-12
-12
-12
-12
-12
-12
-12
-12
-12
-12
-12
-12
-12
-12
-12
-12
-12
-12
-12
-12
-12
-12
-12
-12
-12
-12
-12
-12
-12
-12
-12
-12
-12
-12
-12
-12
-12
-12
-12
-12
-12
-11
-11
-11
-11
-11
-11
-11
-11
-11
-11
-11
-11
-11
-11
-11
-11
-11
-11
-11
-11
-11
-11
-11
-11
-11
-11
-11
-11
-11
-11
-11
-11
-11
-11
-11
-11
-11
-11
-11
-11
-11
-11
-11
-11
-11
-11
-11
-11
-11
-10
-2
-10
-10
-10
-10
-10
-10
-10
-10
-10
-10
-10
-10
-10
-10
-10
-10
-10
-10
-10
-10
-10
-10
-10
-10
-10
-10
-10
-10
-10
-10
-10
-10
-10
-10
-10
-10
-10
-10
-10
-10
-10
-10
-10
-10
-10
-10
-10
-10
-10
-10
-10
-10
-10
-10
-10
-10
-10
-10
-10
-9
-8
-9
-9
-9
-9
-9
-9
-9
-9
-9
-9
-9
-9
-9
-9
-9
-9
-9
-9
-9
-9
-9
-9
-9
-9
-9
-9
-9
-9
-9
-9
-9
-9
-9
-9
-9
-9
-9
-9
-9
-9
-9
-9
-9
-9
-9
-9
-9
-8
-8
-8
-8
-8
-8
-8
-8
-8
-8
-8
-8
-8
-8
-8
-8
-8
-8
-8
-8
-8
-8
-8
-8
-8
-8
-8
-8
-8
-8
-8
-8
-8
-8
-8
-8
-8
-8
-8
-7
-7
-7
-6
-7
-7
-7
-7
-7
-7
-7
-7
-7
-7
-7
-7
-7
-7
-7
-7
-7
-7
-7
-7
-7
-7
-7
-7
-7
-7
-7
-7
-7
-7
-7
-7
-7
-7
-7
-7
-7
-7
-7
-7
-7
-7
-7
-7
-7
-7
-7
-7
-7
-7
-7
-7
-7
-7
-7
-6
-6
-6
-6
-6
-6
-6
-6
-6
-6
-6
-6
-6
-6
-6
-6
-6
-6
-6
-6
-6
-6
-6
-6
-6
-6
-6
-6
-6
-6
-6
-6
-6
-6
-6
-6
-6
-6
-6
-6
-6
-6
-6
-5
-5
-5
-5
-5
-5
-5
-5
-5
-5
-5
-5
-5
-5
-5
-5
-5
-5
-5
-5
-5
-5
-5
-5
-5
-5
-5
-5
-5
-5
-5
-5
-5
-5
-5
-5
-5
-5
-5
-5
-5
-5
-5
-5
-5
-5
-5
-5
-5
-5
-5
-5
-5
-5
-4
6
-4
4
-4
-4
-4
-4
-4
-4
-4
-4
-4
-4
-4
-4
-4
-4
-4
-4
-4
-4
-4
-4
-4
-4
-4
-4
-4
-4
-4
-4
-4
-4
-4
-4
-4
-4
-4
-4
-4
-4
-4
-3
-3
-3
-3
-3
-3
-3
-3
-3
-3
-3
-3
-3
-3
-3
-3
-3
-3
-3
-3
-3
-3
-3
-3
-3
-3
-3
-3
-3
-3
-3
-3
-3
-3
-3
-3
-3
-3
-3
-3
-3
-3
-3
-3
-3
-2
-1
-2
-2
-2
-2
-2
-2
-2
-2
-2
-2
-2
-2
-2
-2
-2
-2
-2
-2
-2
-2
-2
-2
-2
-2
-2
-2
-2
-2
-2
-2
-2
-2
-2
-2
-2
-2
-2
-2
-2
-2
-2
-2
-2
-2
-2
-2
-2
-2
-1
-1
-1
-1
-1
-1
-1
-1
-1
-1
-1
-1
-1
-1
-1
-1
-1
-1
-1
-1
-1
-1
-1
-1
-1
-1
-1
-1
-1
-1
-1
-1
-1
-1
-1
-1
-1
-1
-1
-1
-1
-1
-1
-1
-1
-1
-1
-1
-1
-1
-1
-1
0
0
0
1
0
0
0
0
0
0
0
0
0
0
0
0
0
0
0
0
0
0
0
0
0
0
0
0
0
0
0
0
0
0
0
0
0
0
0
0
0
0
0
0
0
0
0
0
0
0
0
0
0
0
0
0
0
0
0
0
0
0
0
0
0
0
0
1
1
1
1
1
1
1
1
1
1
1
1
1
1
1
1
1
1
1
1
1
1
1
1
1
1
1
1
1
1
1
1
1
1
1
1
1
1
1
1
1
1
1
1
1
1
1
1
1
1
1
1
2
5
2
3
2
2
2
2
2
2
2
2
2
2
2
2
2
2
2
2
2
2
2
2
2
2
2
2
2
2
2
2
2
2
2
2
2
2
2
2
2
2
2
2
2
3
4
3
3
3
3
3
3
3
3
3
3
3
3
3
3
3
3
3
3
3
3
3
3
3
3
3
3
3
3
3
3
3
3
3
3
3
3
3
4
4
4
4
4
4
4
4
4
4
4
4
4
4
4
4
4
4
4
4
4
4
4
4
4
4
4
4
4
4
4
4
4
4
4
4
4
4
4
4
4
4
4
4
4
4
4
4
4
4
4
4
4
5
5
5
5
5
5
5
5
5
5
5
5
5
5
5
5
5
5
5
5
5
5
5
5
5
5
5
5
5
5
5
5
5
5
5
5
5
5
5
5
5
5
5
5
5
5
5
5
5
5
5
5
5
5
6
6
6
6
6
6
6
6
6
6
6
6
6
6
6
6
6
6
6
6
6
6
6
6
6
6
6
6
6
6
6
6
6
6
6
6
6
6
6
6
6
6
6
6
6
6
6
6
6
6
6
6
6
6
6
6
6
7
15
7
8
7
7
7
7
7
7
7
7
7
7
7
7
7
7
7
7
7
7
7
7
7
7
7
7
7
7
7
7
7
7
7
7
7
7
7
7
7
7
7
7
7
7
7
7
7
7
8
8
8
8
8
8
8
8
8
8
8
8
8
8
8
8
8
8
8
8
8
8
8
8
8
8
8
8
8
8
8
8
8
8
8
8
8
8
8
8
8
8
8
8
8
9
9
9
9
9
9
9
9
9
9
9
9
9
9
9
9
9
9
9
9
9
9
9
9
9
9
9
9
9
9
9
9
10
13
10
11
10
10
10
10
10
10
10
10
10
10
10
10
10
10
10
10
10
10
10
10
10
10
10
10
10
10
10
10
10
10
10
10
10
10
10
10
10
10
10
10
10
11
12
11
11
11
11
11
11
11
11
11
11
11
11
11
11
11
11
11
11
11
11
11
11
11
11
11
11
11
11
11
11
11
11
11
11
11
11
11
11
11
11
11
11
11
11
11
11
11
11
11
12
12
12
12
12
12
12
12
12
12
12
12
12
12
12
12
12
12
12
12
12
12
12
12
12
12
12
12
12
12
12
12
12
12
12
12
12
12
12
12
12
12
12
12
12
12
12
12
13
13
13
13
13
13
13
13
13
13
13
13
13
13
13
13
13
13
13
13
13
13
13
13
13
13
13
13
13
13
13
13
13
13
13
13
13
13
13
13
13
14
14
14
14
14
15
14
14
14
14
14
14
14
14
14
14
14
14
14
14
14
14
14
14
14
14
14
14
14
14
14
14
14
14
14
14
14
14
14
14
14
14
14
14
14
14
14
14
14
14
14
14
14
14
14
14
14
14
14
15
15
15
15
15
15
15
15
15
15
15
15
15
15
15
15
15
15
15
15
15
15
15
15
15
15
15
15
15
15
15
15
15
15
15
15
15
15
15
15
15
15
15
15
15
15
15
15
15
15
15
15
15
15
15
15
15
15
15
15
15
15
15
15
15
15
15
15
16
17
16
16
16
16
16
16
16
16
16
16
16
16
16
16
16
16
16
16
16
16
16
16
16
16
16
16
16
16
16
16
16
16
16
16
16
16
16
16
16
16
16
16
16
16
16
16
17
17
17
17
17
17
17
17
17
17
17
17
17
17
17
17
17
17
17
17
17
17
17
17
17
17
17
17
17
17
17
17
17
17
17
17
17
17
17
17
17
17
17
17
17
17
17
17
17
18
22
18
18
18
18
18
18
18
18
18
18
18
18
18
18
18
18
18
18
18
18
18
18
18
18
18
18
18
18
18
18
18
18
18
18
18
18
18
18
18
18
18
18
18
18
18
18
18
18
18
18
18
18
18
18
18
18
18
18
18
18
18
18
18
19
20
19
19
19
19
19
19
19
19
19
19
19
19
19
19
19
19
19
19
19
19
19
19
19
19
19
19
19
19
19
19
19
19
19
19
19
19
19
19
19
19
19
19
19
19
19
19
19
19
19
19
19
19
19
19
19
19
19
19
20
20
20
20
20
20
20
20
20
20
20
20
20
20
20
20
20
20
20
20
20
20
20
20
20
20
20
20
20
20
20
20
20
20
20
20
20
20
20
20
20
20
20
20
20
20
20
20
20
20
21
22
21
22
21
21
21
21
21
21
21
21
21
21
21
21
21
21
21
21
21
21
21
21
21
21
21
21
21
21
21
21
21
21
21
21
21
21
21
21
21
21
21
21
21
21
21
21
22
22
22
22
22
22
22
22
22
22
22
22
22
22
22
22
22
22
22
22
22
22
22
22
22
22
22
22
22
22
22
22
22
22
22
22
22
22
22
22
22
22
22
22
22
22
22
22
22
22
22
23
30
23
23
23
23
23
23
23
23
23
23
23
23
23
23
23
23
23
23
23
23
23
23
23
23
23
23
23
23
23
23
23
23
23
23
23
23
23
23
23
23
23
23
23
23
23
24
25
24
24
24
24
24
24
24
24
24
24
24
24
24
24
24
24
24
24
24
24
24
24
24
24
24
24
24
24
24
24
24
24
24
24
24
24
24
24
24
24
24
24
24
24
24
24
24
24
24
24
25
25
25
25
25
25
25
25
25
25
25
25
25
25
25
25
25
25
25
25
25
25
25
25
25
25
25
25
25
25
25
25
25
25
25
25
25
25
25
25
25
25
25
25
25
25
25
25
25
25
25
25
25
25
25
25
25
25
26
29
26
26
26
26
26
26
26
26
26
26
26
26
26
26
26
26
26
26
26
26
26
26
26
26
26
26
26
26
26
26
26
26
26
26
26
26
26
26
26
26
26
26
26
26
26
26
26
27
27
27
27
27
27
27
27
27
27
27
27
27
27
27
27
27
27
27
27
27
27
27
27
27
27
27
27
27
27
27
27
27
27
27
27
27
27
27
27
27
27
27
28
32
28
30
28
28
28
28
28
28
28
28
28
28
28
28
28
28
28
28
28
28
28
28
28
28
28
28
28
28
28
28
28
28
28
28
28
28
28
28
28
28
28
28
28
28
28
28
28
28
28
28
28
28
28
28
28
28
28
28
28
28
29
29
29
29
29
29
29
29
29
29
29
29
29
29
29
29
29
29
29
29
29
29
29
29
29
29
29
29
29
29
29
29
29
29
29
29
29
29
29
29
29
29
29
29
29
29
29
29
29
30
30
30
30
30
30
30
30
30
30
30
30
30
30
30
30
30
30
30
30
30
30
30
30
30
30
30
30
30
30
30
30
30
30
30
30
30
30
30
30
30
31
31
31
32
31
31
31
32
31
31
31
31
31
31
31
31
31
31
31
31
31
31
31
31
31
31
31
31
31
31
31
31
31
31
31
31
31
31
31
31
31
31
31
31
31
31
31
31
31
31
32
32
32
32
32
32
32
32
32
32
32
32
32
32
32
32
32
32
32
32
32
32
32
32
32
32
32
32
32
32
32
32
32
32
32
32
32
32
32
32
32
32
32
32
32
32
32
32
32
32
32
33
37
33
34
33
33
33
34
33
33
33
33
33
33
33
33
33
33
33
33
33
33
33
33
33
33
33
33
33
33
33
33
33
33
33
33
33
33
33
33
33
33
33
34
34
34
34
34
34
34
34
34
34
34
34
34
34
34
34
34
34
34
34
34
34
34
34
34
34
34
34
34
34
34
34
34
34
34
34
34
34
34
34
34
34
34
34
34
34
34
34
34
34
34
34
34
34
35
43
35
36
35
35
35
35
35
35
35
35
35
35
35
35
35
35
35
35
35
35
35
35
35
35
35
35
35
35
35
35
35
35
35
35
35
35
35
35
35
35
35
35
36
36
36
36
36
36
36
36
36
36
36
36
36
36
36
36
36
36
36
36
36
36
36
36
36
36
36
36
36
36
36
36
36
36
36
36
36
36
36
36
36
36
36
36
36
36
37
37
37
37
37
37
37
37
37
37
37
37
37
37
37
37
37
37
37
37
37
37
37
37
37
37
37
37
37
37
37
37
37
37
37
37
37
37
37
37
37
37
37
37
38
39
38
38
38
39
38
38
38
38
38
38
38
38
38
38
38
38
38
38
38
38
38
38
38
38
38
38
38
38
38
38
38
38
38
38
38
38
38
38
39
39
39
39
39
39
39
39
39
39
39
39
39
39
39
39
39
39
39
39
39
39
39
39
39
39
39
39
39
39
39
39
39
39
39
39
39
39
39
39
39
39
39
39
39
39
39
39
40
41
40
41
40
42
40
40
40
40
40
40
40
40
40
40
40
40
40
40
40
40
40
40
40
40
40
40
40
40
40
40
40
40
40
40
40
40
40
40
40
40
40
40
40
40
40
40
40
40
40
40
40
40
41
41
41
41
41
41
41
41
41
41
41
41
41
41
41
41
41
41
41
41
41
41
41
41
41
41
41
41
41
41
41
41
41
41
41
41
41
41
41
41
41
41
41
41
41
41
41
41
41
41
42
42
42
42
42
42
42
42
42
42
42
42
42
42
42
42
42
42
42
42
42
42
42
42
42
42
42
42
42
42
42
42
42
42
42
42
42
42
42
42
42
42
42
42
42
42
42
42
42
42
42
42
42
43
43
43
43
43
43
43
43
43
43
43
43
43
43
43
43
43
43
43
43
43
43
43
43
43
43
43
43
43
43
43
43
43
43
43
43
43
43
43
43
43
43
43
43
44
95050
44
44
44
44
44
44
44
44
44
44
44
44
44
44
44
44
44
44
44
44
44
44
44
44
44
44
44
44
44
44
44
44
44
44
44
44
44
44
44
45
45
45
45
45
45
45
45
45
45
45
45
45
45
45
45
45
45
45
45
45
45
45
45
45
45
45
45
45
45
45
45
45
45
45
45
45
45
45
45
45
45
45
45
45
45
45
45
45
45
45
45
45
45
46
46
46
46
46
46
46
46
46
46
46
46
46
46
46
46
46
46
46
46
46
46
46
46
46
46
46
46
46
46
46
46
46
46
46
46
46
46
46
46
46
47
48
47
48
47
47
47
47
47
47
47
47
47
47
47
47
47
47
47
47
47
47
47
47
47
47
47
47
47
47
47
47
47
47
47
47
47
47
47
48
48
48
48
48
48
48
48
48
48
48
48
48
48
48
48
48
48
48
48
48
48
48
48
48
48
48
48
48
48
48
48
48
48
48
48
48
48
48
48
48
48
48
48
48
49
49
49
50749
49
49
49
49
49
49
49
49
49
49
49
49
49
49
49
49
49
49
49
49
49
49
49
49
49
49
49
49
49
49
49
49
49
49
49
49
49
49
49
49
49
49
49
49
49
49
49
49
49
50
50
50
50494
50
50045
50
50
50
50032
50
50
50
50
50
50
50
50
50
50
50
50
50
50
50
50
50
50
50
50
50
50
50
50
50
50
50
50
50
50
50
50
50
50
50
50
50
50
50
50
50
50
50
50
50
50
50
50
50
50
50
50
50
50
50014
50016
50051
50022
50044
50057
50067
50068
50094
50097
50285
50130
50146
50149
50164
50187
50171
50209
50220
50224
50250
50251
50255
50277
50279
50321
50280
50293
50295
50297
50342
50320
50322
50381
50493
50381
50381
50390
50411
50414
50453
50490
50486
50493
50495
50504
50519
50522
50824
50530
50532
50534
50549
50553
50568
50720
50569
50581
50642
50617
50658
50665
50681
50670
50672
50724
50733
50813
50739
50742
50743
50747
50755
50758
50777
50813
50818
50925
50819
50820
50826
50826
50856
50860
50902
50930
50923
50947
50947
51472
50969
50971
51020
51069
51080
51099
51108
51157
51110
51130
51149
51134
51155
51161
51222
51170
51173
51180
51201
51195
51216
51218
51282
51241
51248
51301
51375
51377
51406
51435
51429
51432
51451
51439
51514
51524
51592
51525
51545
51560
51553
51569
51585
51599
51604
51617
51619
51756
51642
51684
51685
51723
51732
51743
51746
51790
51748
51802
51832
52658
51847
51855
51880
51878
51885
51915
51917
51921
51930
51951
51969
52009
51975
51979
51988
51989
52012
52015
52033
52016
52021
52037
52046
52151
52048
52055
52063
52109
52073
52073
52087
52106
52134
52110
52129
52151
52163
52164
52165
52190
52194
52200
52212
52343
52215
52221
52222
52226
52278
52250
52253
52266
52291
52292
52334
52304
52332
52333
52340
52335
52356
52359
52400
52364
52375
52382
52403
52403
52407
52421
52548
52438
52449
52460
52466
52467
52472
52473
52478
52489
52492
52501
52552
52558
52747
52567
52570
52602
52634
52638
52666
52682
52699
52697
52701
52716
52738
52719
52760
52763
52856
52769
52774
52780
52780
52781
52788
52792
52799
52816
52826
52828
52830
52841
52892
52842
52848
52851
52852
52875
52916
52918
52929
52946
52958
52979
52990
53050
53031
53041
53042
53133
53139
53145
53187
53147
53151
53180
53195
53237
53219
53227
53265
53274
53320
53283
53324
53339
53341
53349
53365
53366
53480
53369
53378
53392
53403
53410
53414
53415
53422
53429
53436
53430
53446
53454
53454
53469
53477
53491
53498
53501
53515
53517
53566
53576
53575
53600
53600
53648
53604
53616
53622
53622
53639
53646
53667
53668
54106
53683
53686
53699
53727
53719
53722
53726
53726
53727
53729
53731
53761
53732
53766
53769
53800
53776
53796
53799
53813
53831
53837
53840
53860
53889
53907
53908
54009
53911
53924
53927
53961
53963
53968
53988
53985
53997
54006
54031
54009
54012
54017
54029
54019
54042
54042
54072
54044
54045
54050
54054
54130
54056
54063
54065
54073
54101
54124
54136
54143
54218
54155
54163
54178
54198
54223
54224
54271
54226
54228
54277
54313
54451
54313
54313
54313
54327
54329
54329
54409
54352
54373
54415
54430
54436
54450
54454
54462
54467
54470
54473
54487
54515
54530
55913
54534
54558
54608
54592
54621
54633
54673
54642
54644
54650
54683
54712
54723
54734
54735
54739
54756
54765
54759
54768
54775
54805
54779
54780
54792
54796
54801
54812
54823
54829
54835
54888
54860
54890
54895
54918
54938
54922
54953
55011
54957
54957
55023
55068
55050
55071
55077
55079
55084
55089
55091
55331
55110
55125
55160
55168
55187
55190
55188
55191
55194
55355
55198
55201
55211
55241
55249
55249
55252
55266
55272
55273
55343
55281
55285
55301
55302
55308
55314
55324
55347
55349
55363
55366
55370
55381
55382
55427
55391
55405
55424
55435
55448
55454
55465
55473
55509
55496
55507
55533
55556
55559
55748
55565
55568
55587
55601
55608
55722
55617
55631
55645
55659
55669
55688
55722
55724
55771
55763
55776
55789
56018
55791
55798
55822
55831
55857
55833
55851
55859
55860
55885
55903
55909
56009
55914
55920
55936
55947
55965
55972
55983
55984
56001
56031
56032
56110
56047
56050
56055
56062
56078
56081
56082
56125
56087
56091
56102
56105
56113
56129
56145
56232
56147
56159
56165
56173
56210
56180
56188
56200
56201
56208
56209
56217
56245
56265
56280
56281
56291
56294
56298
56308
56299
56344
56367
56409
56377
56380
56408
56425
56440
56930
56470
56470
56567
56481
56486
56509
56559
56575
56582
56592
56607
56646
56656
56711
56660
56709
56709
56718
56749
56902
56756
56757
56777
56785
56813
56798
56824
56843
56838
56852
56893
56906
56898
56913
56926
56934
56991
56947
56947
56960
56968
57013
57018
57021
57090
57022
57030
57040
57041
57041
57072
57094
57188
57118
57120
57125
57126
57193
57148
57168
57174
57172
57232
57235
57291
57259
57261
57262
57265
57267
57269
57285
57312
57316
57324
57377
57326
57336
57343
57363
57371
57377
57381
57384
57389
57393
57398
57450
57429
57435
57478
57489
57495
57511
57523
57555
57526
57530
57533
57554
57558
57600
57633
58567
57635
57635
57643
57689
57702
57705
57721
57753
57764
57771
57781
57789
57824
57796
57823
57831
57855
57981
57857
57858
57867
57875
57891
57897
57925
57937
57952
57964
57984
57965
57977
57995
57995
58434
57998
58004
58012
58015
58041
58043
58063
58065
58067
58077
58159
58078
58089
58201
58111
58134
58162
58149
58217
58221
58242
58251
58267
58304
58282
58321
58336
58331
58351
58365
58364
58388
58408
58409
58424
58440
58450
58452
58462
58468
58497
58486
58509
58521
58521
58536
58537
58538
58552
58633
58567
58570
58578
58579
58591
58591
58622
58607
58611
58614
58629
58635
58649
58654
58662
58680
58681
58683
58746
58689
58693
58695
58695
58746
58699
58700
58702
58703
58718
58721
58729
58734
58741
58758
58760
58765
58790
59655
58792
58806
58831
58835
58838
58854
58894
58912
58914
58936
58938
58938
59062
58947
58950
58983
58968
58997
58999
59030
59003
59029
59030
59040
59046
59079
59099
59086
59098
59124
59124
59179
59131
59171
59172
59193
59175
59181
59185
59187
59206
59188
59211
59232
59261
59233
59242
59248
59273
59273
59408
59277
59308
59287
59324
59326
59376
59327
59340
59342
59371
59373
59392
59399
59417
59419
59592
59428
59438
59444
59452
59465
59465
59484
59472
59472
59480
59487
59500
59507
59523
59525
59526
59553
59557
59556
59578
59588
59670
59605
59608
59642
59642
59655
59656
59666
59672
59695
59697
59703
59713
76358
59719
59722
59727
59738
59744
59741
59748
59750
59774
59762
59775
59783
59800
59795
59801
59817
59806
59827
59828
59829
59831
59847
59849
59888
59895
59895
59908
59929
59929
59931
59937
60004
59946
60008
60032
60711
60048
60048
60050
60082
60085
60088
60088
60115
60094
60127
60119
60119
60128
60134
60140
60163
60166
60168
60183
60173
60215
60226
60231
60249
60238
60256
60280
60320
60283
60289
60297
60302
60298
60304
60305
60318
60386
60376
60398
60410
60636
60419
60424
60431
60440
60432
60445
60464
60469
60500
60518
60518
60529
60541
60556
60567
60568
60579
60582
60605
60585
60585
60588
60605
60613
60624
60626
60654
60669
60677
60679
60700
60708
60711
60723
60727
60733
60776
60741
60747
60776
60817
60827
60829
60991
60840
60910
60849
60920
60926
60935
60941
60960
60970
61046
60972
60982
61025
61034
61050
61057
61051
61058
61058
61154
61064
61074
61078
61112
61138
61173
61174
61189
61176
61181
61184
61211
61242
61254
61253
61261
61315
61331
61345
61356
61405
61365
61375
61408
61411
61854
61421
61425
61455
61457
61460
61463
61498
61478
61478
61479
61481
61484
61494
61506
61519
61696
61521
61524
61541
61532
61554
61576
61574
61585
61587
61606
61614
61677
61660
61680
61696
61700
61703
61703
61768
61705
61708
61730
61734
61738
61749
61766
61776
61797
61803
62063
61806
61831
61848
61854
61868
61879
61884
61895
61938
61924
61946
61954
61976
61961
62014
62017
62047
62019
62021
62027
62052
62073
62058
62078
62078
62554
62083
62086
62089
62103
62121
62106
62108
62120
62129
62131
62166
62166
62182
62247
62280
62255
62259
62289
62295
62553
62297
62300
62318
62331
62364
62389
62372
62398
62404
62400
62405
62405
62465
62414
62421
62468
62472
62478
62550
62484
62484
62489
62494
62501
62504
62509
62588
62524
62541
62543
62551
62561
62570
62573
62573
62578
62597
62605
62686
62611
62617
62630
62654
62656
62663
62670
62690
62705
62928
62725
62734
62738
62775
62818
62836
62916
62844
62869
62871
62888
62874
62879
62890
62906
62908
62954
62967
62962
62975
62979
62980
62987
63786
63000
63004
63005
63007
63011
63012
63023
63048
63048
63077
63066
63072
63078
63078
63088
63089
63101
63100
63106
63115
63109
63121
63153
63171
63164
63177
63199
63225
63224
63236
63233
63239
63267
63252
63279
63297
63324
63299
63303
63308
63320
63337
63342
63361
63370
63363
63369
63373
63390
63635
63412
63413
63424
63440
63448
63473
63468
63489
63489
63798
63491
63498
63522
63543
63524
63554
63556
63623
63593
63596
63618
63642
63648
63643
63657
63659
63668
63672
63673
63677
63690
63700
63718
63724
63790
63731
63792
63812
63828
63815
63821
63827
63834
63851
63924
63857
63865
63882
63877
63889
63895
63902
63911
63915
63929
63930
63931
63938
63933
63962
63974
63967
63981
64028
64090
64037
64041
64063
64076
64064
64079
64090
64107
64091
64097
64137
64151
64465
64189
64190
64194
64206
64216
64263
64256
64266
64266
64270
64277
64299
64306
64302
64309
64317
64325
64330
64346
64361
64368
64368
64387
64505
64394
64394
64410
64420
64424
64454
64429
64431
64438
64468
64442
64507
64510
65894
64524
64533
64554
64551
64556
64564
64577
64581
64710
64581
64581
64590
64594
64590
64605
64623
64632
64645
64648
64663
64674
64675
64678
64693
64793
64707
64747
64749
64779
64751
64763
64765
64768
64800
64815
64805
64833
64841
65272
64870
64874
64875
64897
64933
64901
64934
64963
64982
64993
65034
64995
65020
65023
65031
65038
65046
65055
65058
65069
65133
65082
65106
65123
65118
65124
65132
65132
65189
65139
65145
65146
65151
65205
65207
65213
65239
65227
65248
65248
65295
65249
65280
65287
65298
65301
65350
65302
65321
65359
65370
65383
65409
65397
65408
65413
65415
65463
65524
65464
65485
65493
65515
65513
65517
65528
65556
65565
65569
65572
65722
65635
65648
65651
65673
65694
65691
65697
65710
65721
65713
65716
65724
65732
65941
65738
65756
65757
65777
65820
65793
65823
65831
65840
65842
65856
65875
65882
65907
65910
65908
65917
65916
65935
65951
65956
66043
65958
65960
65960
65970
65983
65984
65994
65988
65990
66015
66025
66063
66043
66066
66085
66490
66093
66097
66097
66103
66108
66108
66114
66118
66128
66126
66141
66149
66157
66165
66172
66362
66195
66214
66219
66232
66239
66240
66262
66287
66265
66269
66294
66305
66382
66333
66342
66377
66390
66420
66393
66410
66421
66422
66461
66429
66430
66438
66484
66495
66500
67056
66509
66526
66526
66536
66553
66558
66571
66568
66574
66585
66610
66586
66617
66632
66659
66667
66680
66722
66722
66824
66763
66766
66774
66792
66810
66810
66811
66830
66851
66840
66847
66852
66874
66860
66872
66876
66892
66908
66893
66908
66928
66938
66958
66983
67008
66988
66993
66998
67009
67011
67053
67013
67070
67073
67195
67107
67125
67132
67132
67215
67154
67170
67202
67216
67219
67227
67236
67260
67266
67272
67279
67295
67302
67300
67318
67323
67334
67350
67396
67360
67374
67386
67415
67418
67422
68741
67428
67430
67431
67460
67460
67460
67472
67479
67587
67504
67509
67518
67525
67537
67551
67540
67583
67586
67591
67592
67597
67702
67609
67617
67621
67622
67625
67658
67660
67666
67667
67680
67692
67711
67756
67794
67787
67851
67868
67870
67892
67895
67979
67896
67915
67936
67953
67946
67980
67985
68269
67998
68056
68060
68066
68185
68079
68117
68140
68149
68156
68163
68182
68183
68198
68197
68225
68232
68227
68234
68254
68280
68282
68287
68300
68292
68305
68312
68326
68346
68358
68359
68367
68375
68371
68389
68398
68425
68447
68454
68463
68460
68474
68481
68486
68492
68717
68497
68525
68584
68600
68607
68603
68615
68617
68639
68640
68647
68647
68781
68670
68688
68685
68704
68707
68708
68715
68723
68729
68724
68751
68753
68804
68805
69264
68816
68824
68858
68852
68864
68871
68871
68880
68881
68892
68885
68901
68904
68955
68912
68923
68955
68958
68961
68967
68967
68971
69009
69055
69073
69081
69088
69113
69095
69120
69144
69128
69145
69157
69161
69160
69166
69166
69176
69180
69181
69185
69199
69216
69216
69278
69218
69227
69240
69244
69259
69274
69263
69286
69290
69331
69294
69300
69309
69345
69326
69341
69350
69403
70137
69442
69465
69466
69470
69511
69508
69520
69533
69522
69553
69568
69574
69619
69607
69621
69627
69628
69663
69658
69673
69683
69675
69675
69676
69682
69705
69707
69723
69717
69720
69745
69749
69819
69751
69756
69763
69771
69782
69791
69796
69837
69807
69817
69824
69858
69916
69874
69918
69927
69931
70321
69946
69949
69954
69983
69976
69985
69996
70004
70007
70010
70037
70044
70049
70069
70071
70075
70093
70099
70106
70110
70319
70135
70153
70158
70187
70213
70216
70226
70232
70240
70295
70249
70249
70250
70256
70277
70287
70281
70292
70319
70301
70339
70354
70357
70384
70387
71237
70391
70392
70407
70407
70414
70434
70446
70462
70468
70515
70470
70483
70491
70499
70526
70509
70526
70548
70551
70574
70571
70608
70667
70627
70669
70670
70680
70680
70692
70694
70706
70707
70726
70720
70747
70758
70763
70778
71514
70807
70816
70818
70823
70823
70872
70826
70836
70840
70854
70867
70863
70880
70919
70950
70949
70972
70985
71011
71060
71062
71424
71098
71103
71107
71143
71119
71147
71173
71177
71182
71197
71231
71251
71258
71270
71273
71280
71289
71298
71301
71381
71309
71314
71319
71326
71337
71375
71381
71388
71403
71434
71469
71447
71459
71477
71477
71563
71478
71478
71487
71488
71514
71532
71535
71546
71557
71580
71605
71606
71624
71666
71638
71644
71649
71651
71653
71697
71678
71684
71705
71706
71756
71713
71718
71726
71760
71785
71788
71795
71794
71808
71819
71830
71830
72194
71855
71855
71858
71870
71876
71898
71911
71916
71917
72016
71918
72038
72069
72079
72096
72092
72098
72098
72136
72132
72147
72165
72656
72189
72209
72209
72213
72217
72225
72235
72258
72235
72235
72240
72287
72295
72335
72337
72382
72390
72408
72432
72416
72441
72475
72483
72504
72576
72511
72553
72556
72558
72577
72583
72591
72587
72599
72600
72799
72613
72672
72697
72713
72722
72732
72735
72774
72742
72745
72758
72751
72768
72770
72782
72782
72801
72806
72952
72811
72834
72851
72852
72928
72888
72921
72925
72932
72936
72942
72944
72967
72998
73015
73184
73016
73018
73023
73041
73043
73054
73071
73067
73073
73073
73078
73090
73093
73097
73101
73102
73150
73126
73155
73166
73174
73323
73182
73189
73194
73207
73213
73221
73217
73274
73292
73283
73296
73296
73304
73309
73326
73331
74454
73332
73334
73335
73347
73355
73356
73359
73364
73369
73370
73374
73442
73382
73387
73382
73403
73420
73427
73436
73437
73449
73506
73507
73524
73533
73550
73565
73567
73575
73583
73593
73616
73594
73594
73614
73619
73693
73644
73661
73662
73687
73677
73702
73704
73708
73711
73918
73720
73744
73750
73755
73759
73935
73767
73780
73800
73808
73809
73838
73844
73846
73860
73868
73898
73959
73903
73932
73934
73936
73943
73944
73949
73955
73954
73971
73977
73978
74140
74016
74020
74022
74092
74027
74027
74070
74078
74086
74099
74103
74141
74159
74167
74171
74185
74189
74222
74197
74234
74235
74409
74248
74254
74268
74271
74297
74320
74339
74350
74340
74360
74364
74368
74374
74379
74385
74427
74390
74420
74458
74470
74816
74481
74516
74518
74526
74537
74529
74534
74540
74545
74543
74554
74568
74624
74573
74576
74603
74609
74619
74641
74655
74828
74656
74659
74667
74668
74672
74675
74682
74686
74692
74694
74716
74730
74736
74770
74750
74755
74765
74773
74784
74786
74788
74799
74813
74817
74818
74818
74838
74860
74926
74870
74870
74897
74906
74945
74951
74952
74956
75046
74960
74964
74976
74976
74980
74982
74986
74997
75034
75035
75053
75066
75084
75144
75107
75111
75110
75119
75132
75136
75143
75147
75146
75146
75151
75236
75168
75168
75179
75181
75187
75227
75232
75238
75254
75256
75357
75280
75280
75287
75291
75295
75305
75310
75309
75313
75317
75319
75324
75326
75331
75343
75351
75454
75352
75369
75383
75456
75420
75431
75456
75467
75468
75475
76155
75495
75500
75506
75531
75509
75535
75539
75541
75542
75561
75601
75579
75593
75595
75605
75633
75825
75640
75654
75662
75664
75670
75674
75680
75692
75703
75693
75693
75705
75728
75734
75747
75748
75750
75819
75758
75769
75781
75791
75818
75814
75842
75843
75843
75856
75856
75864
75866
75867
75899
75874
75910
75911
75984
75939
75961
75968
75986
76116
75990
76006
76057
76076
76089
76091
76095
76108
76110
76121
76120
76122
76139
76539
76163
76165
76168
76176
76223
76188
76209
76229
76232
76259
76272
76274
76276
76280
76285
76287
76314
76328
76345
76363
76373
76456
76492
76477
76484
76490
76494
76524
76543
76554
76562
76884
76587
76593
76599
76616
76619
76622
76622
76644
76655
76657
76661
76667
76665
76674
76693
76716
76757
76721
76756
76773
76774
76790
76827
76836
76852
76898
76854
76854
76861
76863
76874
76891
76886
76919
76926
76977
76928
76939
76946
76968
76985
76991
77041
77082
77045
77058
77060
77063
77080
77086
77087
77275
77092
77122
77132
77134
77147
77147
77154
77158
77166
77169
77173
77196
77219
77202
77224
77236
77243
77307
77297
77308
77704
77312
77312
77318
77337
77340
77340
77396
77346
77394
77402
77412
77422
77439
77448
77470
77473
77484
77554
77507
77510
77522
77524
77527
77555
77533
77548
77563
77567
77689
77597
77634
77636
77639
77637
77647
77650
77647
77714
77716
77747
77752
77857
77763
77768
77768
77769
77770
77775
77786
77787
77793
77795
77810
77814
77829
77842
77871
77859
77893
80676
77895
77895
77904
77906
77911
77923
77938
77949
77981
77951
77952
77985
77959
77995
77996
77998
77997
78000
78015
78263
78025
78048
78048
78055
78070
78131
78071
78073
78080
78090
78092
78134
78134
78228
78135
78141
78147
78196
78197
78202
78212
78274
78243
78244
78253
78268
78263
78269
78270
78271
78307
78273
78301
78333
78326
78347
78349
78355
78365
78378
78380
78391
78396
78555
78412
78423
78425
78435
78448
78482
78472
78474
78480
78486
78523
78533
78540
78557
78558
78558
78563
78568
78572
78569
78578
78583
78609
78592
78618
78644
78646
78653
78647
78677
78691
78768
78692
78703
78749
78723
78778
78780
80050
78783
78800
78814
78806
78819
78832
78834
78845
78838
78856
78870
78876
78881
78884
78886
78901
78920
78924
78926
78934
78949
78951
78951
78960
78981
78987
78987
78995
79001
79134
79005
79006
79021
79023
79082
79067
79087
79092
79125
79151
79158
79173
79191
79184
79222
79251
79282
79262
79272
79274
79285
79294
79314
79321
79328
79325
79342
79355
79436
79358
79360
79361
79370
79392
79396
79401
79409
79429
79432
79449
79449
79924
79480
79486
79504
79519
79538
79563
79539
79568
79568
79569
79569
79583
79617
79617
79620
79621
79645
79627
79634
79635
79656
79637
79656
79678
79678
79784
79699
79700
79706
79723
79742
79769
79772
79782
79889
79791
79793
79810
79814
79822
79827
79845
79846
79864
79892
79897
79922
79910
79929
79937
79964
79973
79979
80002
80013
80023
80029
80120
80032
80033
80033
80040
80049
80085
80058
80075
80100
80116
80105
80117
80125
80125
80135
80154
80283
80155
80173
80181
80197
80209
80214
80287
80220
80228
80221
80254
80257
80304
80270
80275
80297
80330
80331
80332
80345
80347
80356
80359
80366
80583
80367
80372
80383
80403
80392
80401
80409
80426
80445
80474
80480
80480
80495
80505
80511
80514
80522
80556
80561
80685
80589
80592
80593
80598
80606
80604
80608
80613
80620
80635
80650
80656
80671
80690
80700
80705
80721
80708
80718
80728
80737
80757
80751
80755
80759
80781
80782
80784
80793
80811
80796
80804
80812
80827
80840
80863
80854
80869
80896
80902
80925
80929
80936
81028
80940
80965
80966
80996
81027
81051
81065
81072
81312
81084
81126
81127
81135
81138
81141
81163
81180
81188
81206
81244
81408
81267
81275
81276
81278
81282
81297
81289
81292
81307
81314
81333
81330
81336
81358
81372
81389
81409
81396
81405
81411
81428
82344
81442
81444
81453
81470
81525
81549
81562
81589
81571
81590
81603
81715
81619
81649
81674
81710
81717
81728
81745
81734
81797
81798
81803
81831
81860
81838
81845
81847
81855
81875
81878
81885
81886
81901
81937
82256
81940
81945
81975
81953
81968
81970
81978
81980
81986
82022
82036
82040
82091
82087
82094
82122
82111
82123
82145
82127
82146
82157
82161
82186
82200
82219
82221
82231
82282
82232
82255
82267
82256
82268
82272
82312
82293
82299
82308
82329
82327
82338
82350
82341
82353
82374
82370
82377
82382
83055
82386
82388
82416
82445
82463
82477
82466
82489
82493
82503
82523
82535
82544
82560
82560
82695
82568
82575
82585
82598
82662
82609
82667
82670
82674
82695
82698
82706
82710
82721
82720
82723
82733
82736
82745
82748
82754
82759
82762
82768
82775
83029
82780
82785
82786
82811
82832
82905
82840
82842
82871
82891
82897
82948
82910
82945
82967
82990
83006
83399
83016
83028
83034
83035
83093
83060
83078
83088
83106
83111
83117
83121
83159
83124
83137
83144
83153
83157
83161
83167
83180
83190
83190
83194
83195
83226
83254
83272
83279
83298
83321
83308
83323
83333
83351
83356
83360
83364
83371
83429
83372
83382
83386
83437
83414
83440
83440
83444
83449
83451
83521
98244
83525
83525
83528
83537
83548
83556
83594
83557
83560
83582
83592
83598
83602
83617
83636
83783
83640
83642
83643
83655
83728
83660
83663
83668
83683
83696
83701
83706
83712
83722
83729
83750
83829
83754
83775
83777
83780
83779
83833
83838
83843
83857
83860
83860
84046
83883
83898
83919
83916
83926
83936
83940
83943
83953
83971
84051
83972
83997
84011
84005
84050
84050
84083
84114
84138
84122
84134
84141
84142
84149
84520
84195
84198
84203
84211
84221
84252
84267
84294
84287
84298
84298
84305
84306
84308
84368
84314
84343
84336
84387
84391
84434
84402
84414
84432
84442
84443
84494
84446
84459
84457
84469
84500
84525
84529
84529
84531
84531
84581
84578
84584
84621
84623
84631
84667
84675
84709
84711
84721
84723
84909
84742
84747
84761
84762
84765
84830
84777
84784
84799
84803
84817
84852
84870
84893
84981
84910
84950
84984
84984
85010
84993
84996
85015
85020
85046
85195
85064
85065
85124
85153
85174
85178
85199
85215
85337
85221
85224
85227
85291
85230
85260
85294
85310
85312
85328
85331
85351
85343
85357
85373
85373
85390
85376
85394
85409
85466
85410
85413
85420
85423
85430
85459
85438
85520
85542
85539
85564
85590
85651
85612
85613
85651
85619
85621
85624
85630
85636
85632
85642
85664
85652
85667
85670
85691
85672
85678
85692
85693
85865
85712
85719
85714
85722
85725
85728
85741
85748
85754
85766
85777
85785
85793
85804
85847
85822
85857
85873
85874
85938
85886
85891
85899
85896
85917
85918
85922
85921
85934
85943
85946
85961
85980
85994
85991
86001
86009
86063
86027
86049
86060
86128
86134
86167
86150
86174
86180
88534
86182
86189
86215
86206
86250
86255
86265
86300
86308
86308
86317
86322
86353
86452
86375
86378
86391
86404
86397
86428
86449
86455
86458
86480
86491
86496
86502
86498
86498
86503
86517
86503
86524
86529
86545
86571
86686
86580
86582
86586
86588
86590
86596
86605
86620
86632
86623
86633
86633
86639
86650
86675
86653
86673
86687
86701
86964
86710
86716
86721
86729
86742
86807
86810
86816
86840
86847
86853
86913
86871
86909
86972
86975
86978
86980
87030
87009
87021
87027
87033
87073
87080
87081
87083
87371
87086
87086
87088
87100
87116
87123
87127
87143
87148
87148
87155
87155
87208
87160
87171
87173
87204
87204
87216
87235
87239
87245
87252
87330
87255
87257
87271
87280
87283
87305
87322
87336
87340
87349
87347
87379
87386
88625
87393
87408
87409
87420
87423
87432
87443
87717
87450
87452
87454
87467
87462
87470
87475
87493
87506
87518
87527
87736
87547
87561
87578
87580
87582
87588
87587
87592
87622
87605
87625
87632
87645
87710
87729
87758
87739
87761
87815
88073
87816
87817
87825
87825
87847
87854
87887
87857
87870
87900
87905
87910
87926
87921
87984
88014
87984
87984
88017
88018
88147
88048
88090
88100
88114
88128
88130
88136
88142
88152
88159
88161
88164
88166
88190
88202
88207
88231
88283
88237
88281
88301
88327
88341
88432
88349
88366
88368
88402
88409
88435
88469
88449
88472
88475
88512
88476
88482
88491
88504
88506
88512
88514
88523
88517
88538
88564
88569
88602
88610
88612
88617
88623
88628
88628
89150
88633
88654
88656
88707
88713
88722
88764
88777
88785
88786
88789
88793
88825
88799
88826
88846
88898
88863
88866
88872
88905
88875
88885
88889
88894
88901
88916
88921
88923
89002
88931
88974
89026
88993
89004
89008
89013
89028
89029
89028
89048
89055
89147
89070
89099
89125
89103
89121
89126
89131
89131
89138
89151
89165
89187
89177
89178
89187
89206
89226
89303
89228
89232
89245
89263
89302
89282
89361
89378
89373
89383
89393
89404
89407
89407
89417
89438
89454
89454
89474
89464
89465
89466
89485
89496
91361
89501
89521
89522
89533
89538
89539
89557
89558
89571
89574
89589
89604
89610
89613
89780
89633
89642
89665
89695
89701
89706
89713
89718
89745
89760
89762
89783
89844
89801
89832
89822
89845
89848
89861
89878
89913
89882
89900
89906
89951
89958
89963
89979
89965
89976
89985
89979
89999
90001
90110
90019
90020
90023
90024
90032
90034
90055
90069
90079
90073
90085
90100
90123
90137
90186
90151
90155
90164
90169
90169
90204
90225
90207
90236
90239
90257
90259
90272
90274
90372
90296
90303
90314
90333
90325
90365
90370
90384
90373
90389
90413
90856
90418
90427
90427
90463
90430
90432
90463
90464
90479
90465
90465
90474
90479
90486
90493
90494
90500
90512
90506
90508
90521
90527
90528
90548
90565
90621
90569
90571
90589
90590
90597
90607
90619
90629
90635
90656
90673
90685
90754
90689
90720
90729
90755
90799
90790
90800
90808
91011
90809
90814
90839
90851
90891
90906
90920
90957
90980
90959
90965
90986
91033
90998
91040
91052
91233
91079
91087
91087
91172
91093
91093
91122
91097
91108
91108
91129
91134
91174
91177
91179
91182
91209
91243
91218
91219
91228
91259
91245
91245
91299
91300
91307
91339
91340
91355
91361
91372
91383
91400
91448
91404
91424
91425
91451
91465
91474
91680
91485
91485
91499
91521
91531
91532
91543
91604
91607
91613
91629
91623
91650
91675
91679
91725
91733
92712
91739
91740
91746
91757
91759
91768
91776
91777
91778
91781
91789
91803
91813
91816
91816
92069
91831
91838
91840
91859
91883
91906
91917
91906
91935
91938
91943
91948
91962
91974
91996
91982
92002
92005
92024
92031
92041
92052
92063
92240
92082
92082
92083
92102
92109
92122
92127
92132
92146
92170
92171
92170
92189
92203
92211
92248
92231
92258
92277
93026
92282
92282
92284
92286
92291
92296
92298
92345
92327
92346
92355
92384
92373
92389
92390
92422
92408
92434
92434
92436
92448
92459
92479
92486
92490
92512
92533
92516
92555
92576
92586
92579
92603
92617
92873
92630
92654
92654
92671
92683
92704
92709
92706
92732
92804
92804
92831
92832
92855
92867
92907
92967
92913
92916
92929
92932
92949
92958
92971
92985
93186
92987
92988
93001
93001
93032
93041
93044
93064
93116
93103
93105
93105
93129
93131
93161
93165
93183
93179
93180
93207
93188
93199
93213
93230
93219
93219
93219
93237
93248
93591
93250
93254
93269
93270
93270
93271
93288
93288
93675
93293
93325
93348
93354
93362
93367
93370
93390
93428
93394
93397
93406
93503
93427
93431
93427
93466
93513
93523
93525
93567
93539
93554
93555
93556
93562
93584
93569
93570
93620
93628
93646
93629
93643
93644
93645
93652
93663
93659
93687
93696
93702
93709
93713
94967
93717
93717
93724
93726
93731
93749
93741
93759
93759
93788
93796
93798
93800
93813
93818
93926
93820
93834
93866
93866
93872
93886
93897
93888
93891
93907
93910
93922
93920
93935
93936
93936
93946
93949
93953
94165
93969
93971
93982
93984
94000
94010
94021
94045
94059
94066
94073
94078
94093
94110
94095
94101
94111
94118
94124
94129
94161
94137
94163
94147
94164
94177
94183
94190
94198
94199
94211
94225
94238
94226
94254
94258
94292
94307
94319
94333
94346
94362
94367
94370
94380
94379
94400
94409
94892
94410
94428
94430
94461
94463
94467
94469
94488
94536
94490
94502
94508
94507
94521
94539
94545
94550
94554
94555
94565
94574
94586
94580
94588
94592
94651
94603
94606
94611
94619
94647
94645
94661
94662
94737
94675
94688
94692
94693
94694
94700
94714
94709
94731
94759
94768
94777
94798
94812
94844
94839
94866
94931
94871
94938
94941
94947
94964
94960
94966
94989
94990
95025
95029
95038
95061
95078
95086
96031
95109
95115
95119
95121
95173
95153
95161
95174
95184
95208
95224
95242
95272
95289
95292
95327
95367
95377
95372
95378
95381
95391
95452
95424
95434
95461
95435
95457
95470
95477
95482
95587
95485
95531
95532
95536
95555
95561
95567
95575
95575
95640
95576
95583
95585
95608
95595
95615
95639
95650
95674
95666
95671
95695
95725
95755
95736
95761
95761
95776
95785
95794
95902
95804
95817
95824
95825
95866
95873
95876
95879
95887
95887
95890
95892
95910
95911
95912
96158
95931
95934
95940
95950
95971
95990
95991
96013
96015
96027
96051
96042
96057
96057
96102
96078
96090
96095
96113
96115
96198
96146
96159
96162
96165
96170
96177
96191
96222
96203
96223
96223
96350
96229
96254
96258
96259
96286
96268
96288
96290
96309
96372
96354
96366
96356
96356
96403
96405
96943
96411
96431
96439
96489
96488
96497
96500
96511
96538
96539
96542
96544
96561
96545
96548
96571
96578
96662
96632
96641
96642
96646
96673
96696
96726
96726
96727
96738
96730
96760
96762
96966
96785
96798
96822
96823
96824
96835
96863
96840
96844
96848
96879
96889
96956
96891
96922
96936
96942
96966
96979
96981
96999
97321
97001
97003
97008
97008
97023
97036
97038
97049
97050
97064
97062
97075
97098
97076
97120
97122
97181
97149
97165
97159
97185
97203
97199
97204
97255
97397
97262
97290
97315
97323
97350
97328
97331
97341
97364
97344
97392
97400
97418
97404
97415
97439
97435
97435
97502
97524
97510
97525
97527
98030
97532
97533
97555
97560
97563
97569
97633
97592
97615
97598
97632
97643
97656
97659
97666
97707
97723
97967
97727
97753
97763
97768
97807
97810
97817
97851
97859
97905
97880
97908
97912
97950
97938
97961
97966
97984
97985
97991
97994
97999
98034
98010
98048
98078
98659
98079
98096
98135
98138
98147
98150
98160
98170
98197
98213
98223
98216
98291
98307
98297
98310
98316
98324
98349
98354
98355
98359
98571
98377
98378
98387
98470
98412
98416
98441
98456
98477
98460
98482
98486
98531
98512
98514
98517
98522
98529
98578
98544
98544
98548
98557
98573
98577
98579
98580
99390
98599
98617
98629
98665
98671
98672
98676
98777
98689
98738
98741
98745
98757
98767
98768
98782
98792
98835
98801
98803
98812
98816
98836
98843
98940
98845
98857
98866
98873
98880
98881
98887
98921
98911
98913
98950
98950
99609
98951
98971
98981
98996
99009
99040
99044
99047
99052
99080
99096
99099
99102
99129
99146
99130
99164
99133
99167
99182
99182
99204
99240
99250
99255
99265
99305
99274
99275
99306
99310
99311
99313
99560
99322
99362
99365
99375
99370
99371
99400
99406
99409
99418
99410
99413
99414
99415
99429
99423
99436
99436
99437
99438
99450
99449
99450
99481
99496
99496
99574
99518
99537
99542
99545
99585
99604
99656
99609
99634
99661
99681
99689
99695
99718
99741
99742
99834
99747
99748
99756
99762
99782
99790
99809
99817
99868
99832
99841
99849
99867
99869
99884
99892
99993
99902
99919
99929
99935
99932
99940
99969
99962
